<?xml version="1.0" encoding="UTF-8"?>
<testsuite name="ch.ergon.zebra.monitoring.data.memory.SqlMemoryUsageRepositoryTest" tests="6" skipped="0" failures="0" errors="0" timestamp="2015-05-29T08:09:18" hostname="SESA" time="0.221">
  <properties/>
  <testcase name="testFindForElasticsearchWithPaging" classname="ch.ergon.zebra.monitoring.data.memory.SqlMemoryUsageRepositoryTest" time="0.053"/>
  <testcase name="testGetMaxId" classname="ch.ergon.zebra.monitoring.data.memory.SqlMemoryUsageRepositoryTest" time="0.038"/>
  <testcase name="testFindHashes" classname="ch.ergon.zebra.monitoring.data.memory.SqlMemoryUsageRepositoryTest" time="0.039"/>
  <testcase name="testFindById" classname="ch.ergon.zebra.monitoring.data.memory.SqlMemoryUsageRepositoryTest" time="0.026"/>
  <testcase name="testDataExists" classname="ch.ergon.zebra.monitoring.data.memory.SqlMemoryUsageRepositoryTest" time="0.025"/>
  <testcase name="testFindForElasticsearch" classname="ch.ergon.zebra.monitoring.data.memory.SqlMemoryUsageRepositoryTest" time="0.035"/>
  <system-out><![CDATA[10:09:18.644 [Test worker] INFO  o.f.c.i.dbsupport.DbSupportFactory - Database: jdbc:h2:mem:test (H2 1.4)
10:09:18.644 [Test worker] DEBUG org.flywaydb.core.Flyway - DDL Transactions Supported: false
10:09:18.644 [Test worker] DEBUG org.flywaydb.core.Flyway - Schema: PUBLIC
10:09:18.644 [Test worker] DEBUG o.f.c.i.u.s.c.ClassPathScanner - Scanning for classpath resources at 'db/migration/h2' (Prefix: '', Suffix: '.sql')
10:09:18.645 [Test worker] DEBUG o.f.c.i.u.s.c.ClassPathScanner - Scanning URL: file:/C:/Workspace/ergon.zebra/zebra-utils/monitoring/monitoring-data/build/resources/main/db/migration/h2
10:09:18.645 [Test worker] DEBUG o.f.c.internal.util.FeatureDetector - JBoss VFS v2 available: false
10:09:18.645 [Test worker] DEBUG o.f.c.i.u.s.c.FileSystemClassPathLocationScanner - Scanning starting at classpath root in filesystem: C:\Workspace\ergon.zebra\zebra-utils\monitoring\monitoring-data\build\resources\main\
10:09:18.645 [Test worker] DEBUG o.f.c.i.u.s.c.FileSystemClassPathLocationScanner - Scanning for resources in path: C:\Workspace\ergon.zebra\zebra-utils\monitoring\monitoring-data\build\resources\main\db\migration\h2 (db/migration/h2)
10:09:18.646 [Test worker] DEBUG o.f.c.i.u.s.c.ClassPathScanner - Found resource: db/migration/h2/V1__Create_profiling_table.sql
10:09:18.646 [Test worker] DEBUG o.f.c.i.u.s.c.ClassPathScanner - Found resource: db/migration/h2/V2__Create_cpu_table.sql
10:09:18.646 [Test worker] DEBUG o.f.c.i.u.s.c.ClassPathScanner - Found resource: db/migration/h2/V3__Create_memory_table.sql
10:09:18.646 [Test worker] DEBUG o.f.c.i.u.s.c.ClassPathScanner - Found resource: db/migration/h2/V4__Create_imported_file_table.sql
10:09:18.646 [Test worker] DEBUG o.f.c.i.u.s.c.ClassPathScanner - Found resource: db/migration/h2/V5__Create_events_table.sql
10:09:18.646 [Test worker] DEBUG o.f.c.internal.util.FeatureDetector - Spring Jdbc available: false
10:09:18.646 [Test worker] DEBUG o.f.core.internal.command.DbValidate - Validating migrations ...
10:09:18.646 [Test worker] DEBUG o.f.c.i.u.s.c.ClassPathScanner - Scanning for classpath resources at 'db/migration/h2' (Prefix: 'V', Suffix: '.sql')
10:09:18.647 [Test worker] DEBUG o.f.c.i.u.s.c.ClassPathScanner - Scanning URL: file:/C:/Workspace/ergon.zebra/zebra-utils/monitoring/monitoring-data/build/resources/main/db/migration/h2
10:09:18.647 [Test worker] DEBUG o.f.c.internal.util.FeatureDetector - JBoss VFS v2 available: false
10:09:18.647 [Test worker] DEBUG o.f.c.i.u.s.c.FileSystemClassPathLocationScanner - Scanning starting at classpath root in filesystem: C:\Workspace\ergon.zebra\zebra-utils\monitoring\monitoring-data\build\resources\main\
10:09:18.647 [Test worker] DEBUG o.f.c.i.u.s.c.FileSystemClassPathLocationScanner - Scanning for resources in path: C:\Workspace\ergon.zebra\zebra-utils\monitoring\monitoring-data\build\resources\main\db\migration\h2 (db/migration/h2)
10:09:18.647 [Test worker] DEBUG o.f.c.i.u.s.c.ClassPathScanner - Found resource: db/migration/h2/V1__Create_profiling_table.sql
10:09:18.647 [Test worker] DEBUG o.f.c.i.u.s.c.ClassPathScanner - Found resource: db/migration/h2/V2__Create_cpu_table.sql
10:09:18.647 [Test worker] DEBUG o.f.c.i.u.s.c.ClassPathScanner - Found resource: db/migration/h2/V3__Create_memory_table.sql
10:09:18.647 [Test worker] DEBUG o.f.c.i.u.s.c.ClassPathScanner - Found resource: db/migration/h2/V4__Create_imported_file_table.sql
10:09:18.647 [Test worker] DEBUG o.f.c.i.u.s.c.ClassPathScanner - Found resource: db/migration/h2/V5__Create_events_table.sql
10:09:18.649 [Test worker] DEBUG o.f.c.i.u.s.c.ClassPathScanner - Scanning for classes at 'db/migration/h2' (Implementing: 'org.flywaydb.core.api.migration.jdbc.JdbcMigration')
10:09:18.649 [Test worker] DEBUG o.f.c.i.u.s.c.ClassPathScanner - Scanning URL: file:/C:/Workspace/ergon.zebra/zebra-utils/monitoring/monitoring-data/build/resources/main/db/migration/h2
10:09:18.649 [Test worker] DEBUG o.f.c.internal.util.FeatureDetector - JBoss VFS v2 available: false
10:09:18.649 [Test worker] DEBUG o.f.c.i.u.s.c.FileSystemClassPathLocationScanner - Scanning starting at classpath root in filesystem: C:\Workspace\ergon.zebra\zebra-utils\monitoring\monitoring-data\build\resources\main\
10:09:18.650 [Test worker] DEBUG o.f.c.i.u.s.c.FileSystemClassPathLocationScanner - Scanning for resources in path: C:\Workspace\ergon.zebra\zebra-utils\monitoring\monitoring-data\build\resources\main\db\migration\h2 (db/migration/h2)
10:09:18.650 [Test worker] DEBUG o.f.c.i.u.s.c.ClassPathScanner - Filtering out resource: db/migration/h2/V1__Create_profiling_table.sql (filename: V1__Create_profiling_table.sql)
10:09:18.650 [Test worker] DEBUG o.f.c.i.u.s.c.ClassPathScanner - Filtering out resource: db/migration/h2/V2__Create_cpu_table.sql (filename: V2__Create_cpu_table.sql)
10:09:18.650 [Test worker] DEBUG o.f.c.i.u.s.c.ClassPathScanner - Filtering out resource: db/migration/h2/V3__Create_memory_table.sql (filename: V3__Create_memory_table.sql)
10:09:18.650 [Test worker] DEBUG o.f.c.i.u.s.c.ClassPathScanner - Filtering out resource: db/migration/h2/V4__Create_imported_file_table.sql (filename: V4__Create_imported_file_table.sql)
10:09:18.650 [Test worker] DEBUG o.f.c.i.u.s.c.ClassPathScanner - Filtering out resource: db/migration/h2/V5__Create_events_table.sql (filename: V5__Create_events_table.sql)
10:09:18.650 [Test worker] INFO  o.f.core.internal.command.DbValidate - Validated 5 migrations (execution time 00:00.004s)
10:09:18.651 [Test worker] DEBUG o.f.core.internal.command.DbSchemas - Schema "PUBLIC" already exists. Skipping schema creation.
10:09:18.652 [Test worker] INFO  o.f.c.i.m.MetaDataTableImpl - Creating Metadata table: "PUBLIC"."schema_version"
10:09:18.653 [Test worker] DEBUG o.f.c.internal.dbsupport.SqlScript - Found statement at line 17: CREATE TABLE "PUBLIC"."schema_version" (
    "version_rank" INT NOT NULL,
    "installed_rank" INT NOT NULL,
    "version" VARCHAR(50) NOT NULL,
    "description" VARCHAR(200) NOT NULL,
    "type" VARCHAR(20) NOT NULL,
    "script" VARCHAR(1000) NOT NULL,
    "checksum" INT,
    "installed_by" VARCHAR(100) NOT NULL,
    "installed_on" TIMESTAMP NOT NULL DEFAULT CURRENT_TIMESTAMP,
    "execution_time" INT NOT NULL,
    "success" BOOLEAN NOT NULL
)
10:09:18.653 [Test worker] DEBUG o.f.c.internal.dbsupport.SqlScript - Found statement at line 30: ALTER TABLE "PUBLIC"."schema_version" ADD CONSTRAINT "schema_version_pk" PRIMARY KEY ("version")
10:09:18.654 [Test worker] DEBUG o.f.c.internal.dbsupport.SqlScript - Found statement at line 32: CREATE INDEX "PUBLIC"."schema_version_vr_idx" ON "PUBLIC"."schema_version" ("version_rank")
10:09:18.654 [Test worker] DEBUG o.f.c.internal.dbsupport.SqlScript - Found statement at line 33: CREATE INDEX "PUBLIC"."schema_version_ir_idx" ON "PUBLIC"."schema_version" ("installed_rank")
10:09:18.654 [Test worker] DEBUG o.f.c.internal.dbsupport.SqlScript - Found statement at line 34: CREATE INDEX "PUBLIC"."schema_version_s_idx" ON "PUBLIC"."schema_version" ("success")
10:09:18.654 [Test worker] DEBUG o.f.c.internal.dbsupport.SqlScript - Executing SQL: CREATE TABLE "PUBLIC"."schema_version" (
    "version_rank" INT NOT NULL,
    "installed_rank" INT NOT NULL,
    "version" VARCHAR(50) NOT NULL,
    "description" VARCHAR(200) NOT NULL,
    "type" VARCHAR(20) NOT NULL,
    "script" VARCHAR(1000) NOT NULL,
    "checksum" INT,
    "installed_by" VARCHAR(100) NOT NULL,
    "installed_on" TIMESTAMP NOT NULL DEFAULT CURRENT_TIMESTAMP,
    "execution_time" INT NOT NULL,
    "success" BOOLEAN NOT NULL
)
10:09:18.654 [Test worker] DEBUG o.f.c.internal.dbsupport.SqlScript - Executing SQL: ALTER TABLE "PUBLIC"."schema_version" ADD CONSTRAINT "schema_version_pk" PRIMARY KEY ("version")
10:09:18.654 [Test worker] DEBUG o.f.c.internal.dbsupport.SqlScript - Executing SQL: CREATE INDEX "PUBLIC"."schema_version_vr_idx" ON "PUBLIC"."schema_version" ("version_rank")
10:09:18.654 [Test worker] DEBUG o.f.c.internal.dbsupport.SqlScript - Executing SQL: CREATE INDEX "PUBLIC"."schema_version_ir_idx" ON "PUBLIC"."schema_version" ("installed_rank")
10:09:18.655 [Test worker] DEBUG o.f.c.internal.dbsupport.SqlScript - Executing SQL: CREATE INDEX "PUBLIC"."schema_version_s_idx" ON "PUBLIC"."schema_version" ("success")
10:09:18.655 [Test worker] DEBUG o.f.c.i.m.MetaDataTableImpl - Metadata table "PUBLIC"."schema_version" created.
10:09:18.655 [Test worker] DEBUG o.f.core.internal.dbsupport.Table - Locking table "PUBLIC"."schema_version"...
10:09:18.655 [Test worker] DEBUG o.f.core.internal.dbsupport.Table - Lock acquired for table "PUBLIC"."schema_version"
10:09:18.655 [Test worker] INFO  o.f.core.internal.command.DbMigrate - Current version of schema "PUBLIC": << Empty Schema >>
10:09:18.655 [Test worker] INFO  o.f.core.internal.command.DbMigrate - Migrating schema "PUBLIC" to version 1 - Create profiling table
10:09:18.657 [Test worker] DEBUG o.f.c.internal.dbsupport.SqlScript - Found statement at line 1: CREATE TABLE PROFILING
  (
    ID                             BIGINT PRIMARY KEY AUTO_INCREMENT,
    CLIENT                         VARCHAR(255) NOT NULL,
    ENVIRONMENT                    VARCHAR(255) NOT NULL,
    USECASE_ID                     VARCHAR(255),
    SERVER_EXECUTION_TIME_MS       DECIMAL(65535,2),
    SERVER_WAIT_TIME_MS            DECIMAL(65535,2),
    SERVER_EXEC_NO_WAIT_TIME_MS    DECIMAL(65535,2),
    SERVER_OVERHEAD_TIME_MS        DECIMAL(65535,2),
    REQUEST_ID                     DECIMAL(65535,2),
    SESSION_ID                     VARCHAR(255),
    SESSION_AGE_IN_MINUTES         DECIMAL(65535,2),
    USER_AGENT                     VARCHAR(255),
    HOST                           VARCHAR(255),
    CLIENT_IP_ADDRESS              VARCHAR(255),
    USECASE_EXPECTS_NAV_TIME       TINYINT CHECK(USECASE_EXPECTS_NAV_TIME = 1 || USECASE_EXPECTS_NAV_TIME = 0),
    STATEMENTS_EXECUTED            DECIMAL(65535,2),
    TOTAL_EXECUTION_TIME_MS        DECIMAL(65535,2),
    TOTAL_FETCH_TIME_MS            DECIMAL(65535,2),
    TOTAL_DATABASE_TIME_MS         DECIMAL(65535,2),
    MANDANT                        VARCHAR(255),
    LOGIN_NAME                     VARCHAR(255),
    FOCUS_DATE                     DATE,
    FOCUS_DATE_MINUS_SYSTEMDATE    DECIMAL(65535,2),
    FOCUS_KST_NUMMER               VARCHAR(255),
    FOCUS_KST_NR_OF_MITARBEITER    DECIMAL(65535,2),
    NR_OF_ACC_KOSTENSTELLE_TODAY   DECIMAL(65535,2),
    LIMIT_PEE_NUMMER               VARCHAR(255),
    SYS_DATETIME                   TIMESTAMP,
    WEEKDAY                        VARCHAR(255),
    ZEITART_NUMMER                 VARCHAR(255),
    MIN_ACTION_DATE                DATE,
    MAX_ACTION_DATE                DATE,
    MIN_ACTION_DATE_MINUS_SYSDAYS  DECIMAL(65535,2),
    MAX_ACTION_DATE_MINUS_SYSDAYS  DECIMAL(65535,2),
    ACTION_DATE_INTEVAL_DAYS       DECIMAL(65535,2),
    BW_DAUER_MS                    DECIMAL(65535,2),
    BW_MODE                        VARCHAR(255),
    PLANUNGEN_GENERIEREN_TAGE      DECIMAL(65535,2),
    PLANUNGEN_GENERIEREN_DAUER_MS  DECIMAL(65535,2),
    SOLL_GLEICH_IST_TAGE           DECIMAL(65535,2),
    SOLL_GLEICH_IST_DAUER_MS       DECIMAL(65535,2),
    BUCHUNGSLAUF_TAGE              DECIMAL(65535,2),
    BUCHUNGSLAUF_DAUER_MS          DECIMAL(65535,2),
    KONTOLAUF_TAGE                 DECIMAL(65535,2),
    KONTOLAUF_DAUER_MS             DECIMAL(65535,2),
    KONTOLAUF_ITERATIONEN          DECIMAL(65535,2),
    PLANUNGEN_NEURECHNEN_TAGE      DECIMAL(65535,2),
    PLANUNGEN_NEURECHNEN_DAUER_MS  DECIMAL(65535,2),
    FORCE_PLANUNG_NEURECHNEN       TINYINT CHECK(FORCE_PLANUNG_NEURECHNEN = 1 || FORCE_PLANUNG_NEURECHNEN = 0),
    ZEITART_REGEL_ENFORCM_ANZAHL   DECIMAL(65535,2),
    ZEITART_REGEL_ENFORCM_DAUER_MS DECIMAL(65535,2),
    WOCHE_NEU_RECHNEN_ANZAHL       DECIMAL(65535,2),
    WOCHE_NEU_RECHNEN_DAUER_MS     DECIMAL(65535,2),
    SYSTEM_CPU_LOAD                DECIMAL(65535,2),
    PROCESS_CPU_LOAD               DECIMAL(65535,2),
    SYSTEM_LOAD_AVERAGE            DECIMAL(65535,2),
    ZEBRA_VERSION                  VARCHAR(255),
    JAVA_VERSION                   VARCHAR(255),
    PAGE_LOADS_PER_SECOND          DECIMAL(65535,2),
    ACTIVE_SESSIONS_1              DECIMAL(65535,2),
    ACTIVE_SESSIONS_5              DECIMAL(65535,2),
    REAL_SERVER_TIME               TINYINT CHECK(REAL_SERVER_TIME = 1 || REAL_SERVER_TIME = 0),
    NAVIGATION_TIME_RECEIVED       TINYINT CHECK(NAVIGATION_TIME_RECEIVED = 1 || NAVIGATION_TIME_RECEIVED = 0),
    NAVIGATION_START               DECIMAL(65535,2),
    UNLOAD_EVENT_START             DECIMAL(65535,2),
    UNLOAD_EVENT_END               DECIMAL(65535,2),
    UNLOAD_EVENT_DURATION          DECIMAL(65535,2),
    REDIRECT_START                 DECIMAL(65535,2),
    REDIRECT_END                   DECIMAL(65535,2),
    REDIRECT_DURATION              DECIMAL(65535,2),
    FETCH_START                    DECIMAL(65535,2),
    DOMAIN_LOOKUP_START            DECIMAL(65535,2),
    DOMAIN_LOOKUP_END              DECIMAL(65535,2),
    DOMAIN_LOOKUP_DURATION         DECIMAL(65535,2),
    CONNECT_START                  DECIMAL(65535,2),
    CONNECT_END                    DECIMAL(65535,2),
    CONNECT_DURATION               DECIMAL(65535,2),
    REQUEST_START                  DECIMAL(65535,2),
    RESPONSE_START                 DECIMAL(65535,2),
    RESPONSE_END                   DECIMAL(65535,2),
    RESPONSE_DURATION              DECIMAL(65535,2),
    REQUEST_TO_RESPONSE_DURATION   DECIMAL(65535,2),
    DOM_LOADING                    DECIMAL(65535,2),
    DOM_INTERACTIVE                DECIMAL(65535,2),
    DOM_CONTENT_LOADED_EVENT_START DECIMAL(65535,2),
    DOM_CONTENT_LOADED_EVENT_END   DECIMAL(65535,2),
    DOM_CONTENT_LOADED_EVENT       DECIMAL(65535,2),
    DOM_COMPLETE_DURATION          DECIMAL(65535,2),
    LOAD_EVENT_START               DECIMAL(65535,2),
    LOAD_EVENT_END                 DECIMAL(65535,2),
    LOAD_EVENT_DURATION            DECIMAL(65535,2),
    LATENCY_DURATION               DECIMAL(65535,2),
    PAGE_LOAD_DURATION             DECIMAL(65535,2),
    TOTAL_TIME_DURATION            DECIMAL(65535,2),
    MS_FIRST_PAINT                 DECIMAL(65535,2),
    MS_FIRST_PAINT_NAVSTARTDUR_MS  DECIMAL(65535,2),
    MS_FIRST_PAINT_LOAD_ENDDUR_MS  DECIMAL(65535,2),
    TYPE_NAME                      VARCHAR(255),
    REDIRECT_COUNT                 DECIMAL(65535,2),
    HASH 						   CHAR(64)
  )
10:09:18.657 [Test worker] DEBUG o.f.c.internal.dbsupport.SqlScript - Executing SQL: CREATE TABLE PROFILING
  (
    ID                             BIGINT PRIMARY KEY AUTO_INCREMENT,
    CLIENT                         VARCHAR(255) NOT NULL,
    ENVIRONMENT                    VARCHAR(255) NOT NULL,
    USECASE_ID                     VARCHAR(255),
    SERVER_EXECUTION_TIME_MS       DECIMAL(65535,2),
    SERVER_WAIT_TIME_MS            DECIMAL(65535,2),
    SERVER_EXEC_NO_WAIT_TIME_MS    DECIMAL(65535,2),
    SERVER_OVERHEAD_TIME_MS        DECIMAL(65535,2),
    REQUEST_ID                     DECIMAL(65535,2),
    SESSION_ID                     VARCHAR(255),
    SESSION_AGE_IN_MINUTES         DECIMAL(65535,2),
    USER_AGENT                     VARCHAR(255),
    HOST                           VARCHAR(255),
    CLIENT_IP_ADDRESS              VARCHAR(255),
    USECASE_EXPECTS_NAV_TIME       TINYINT CHECK(USECASE_EXPECTS_NAV_TIME = 1 || USECASE_EXPECTS_NAV_TIME = 0),
    STATEMENTS_EXECUTED            DECIMAL(65535,2),
    TOTAL_EXECUTION_TIME_MS        DECIMAL(65535,2),
    TOTAL_FETCH_TIME_MS            DECIMAL(65535,2),
    TOTAL_DATABASE_TIME_MS         DECIMAL(65535,2),
    MANDANT                        VARCHAR(255),
    LOGIN_NAME                     VARCHAR(255),
    FOCUS_DATE                     DATE,
    FOCUS_DATE_MINUS_SYSTEMDATE    DECIMAL(65535,2),
    FOCUS_KST_NUMMER               VARCHAR(255),
    FOCUS_KST_NR_OF_MITARBEITER    DECIMAL(65535,2),
    NR_OF_ACC_KOSTENSTELLE_TODAY   DECIMAL(65535,2),
    LIMIT_PEE_NUMMER               VARCHAR(255),
    SYS_DATETIME                   TIMESTAMP,
    WEEKDAY                        VARCHAR(255),
    ZEITART_NUMMER                 VARCHAR(255),
    MIN_ACTION_DATE                DATE,
    MAX_ACTION_DATE                DATE,
    MIN_ACTION_DATE_MINUS_SYSDAYS  DECIMAL(65535,2),
    MAX_ACTION_DATE_MINUS_SYSDAYS  DECIMAL(65535,2),
    ACTION_DATE_INTEVAL_DAYS       DECIMAL(65535,2),
    BW_DAUER_MS                    DECIMAL(65535,2),
    BW_MODE                        VARCHAR(255),
    PLANUNGEN_GENERIEREN_TAGE      DECIMAL(65535,2),
    PLANUNGEN_GENERIEREN_DAUER_MS  DECIMAL(65535,2),
    SOLL_GLEICH_IST_TAGE           DECIMAL(65535,2),
    SOLL_GLEICH_IST_DAUER_MS       DECIMAL(65535,2),
    BUCHUNGSLAUF_TAGE              DECIMAL(65535,2),
    BUCHUNGSLAUF_DAUER_MS          DECIMAL(65535,2),
    KONTOLAUF_TAGE                 DECIMAL(65535,2),
    KONTOLAUF_DAUER_MS             DECIMAL(65535,2),
    KONTOLAUF_ITERATIONEN          DECIMAL(65535,2),
    PLANUNGEN_NEURECHNEN_TAGE      DECIMAL(65535,2),
    PLANUNGEN_NEURECHNEN_DAUER_MS  DECIMAL(65535,2),
    FORCE_PLANUNG_NEURECHNEN       TINYINT CHECK(FORCE_PLANUNG_NEURECHNEN = 1 || FORCE_PLANUNG_NEURECHNEN = 0),
    ZEITART_REGEL_ENFORCM_ANZAHL   DECIMAL(65535,2),
    ZEITART_REGEL_ENFORCM_DAUER_MS DECIMAL(65535,2),
    WOCHE_NEU_RECHNEN_ANZAHL       DECIMAL(65535,2),
    WOCHE_NEU_RECHNEN_DAUER_MS     DECIMAL(65535,2),
    SYSTEM_CPU_LOAD                DECIMAL(65535,2),
    PROCESS_CPU_LOAD               DECIMAL(65535,2),
    SYSTEM_LOAD_AVERAGE            DECIMAL(65535,2),
    ZEBRA_VERSION                  VARCHAR(255),
    JAVA_VERSION                   VARCHAR(255),
    PAGE_LOADS_PER_SECOND          DECIMAL(65535,2),
    ACTIVE_SESSIONS_1              DECIMAL(65535,2),
    ACTIVE_SESSIONS_5              DECIMAL(65535,2),
    REAL_SERVER_TIME               TINYINT CHECK(REAL_SERVER_TIME = 1 || REAL_SERVER_TIME = 0),
    NAVIGATION_TIME_RECEIVED       TINYINT CHECK(NAVIGATION_TIME_RECEIVED = 1 || NAVIGATION_TIME_RECEIVED = 0),
    NAVIGATION_START               DECIMAL(65535,2),
    UNLOAD_EVENT_START             DECIMAL(65535,2),
    UNLOAD_EVENT_END               DECIMAL(65535,2),
    UNLOAD_EVENT_DURATION          DECIMAL(65535,2),
    REDIRECT_START                 DECIMAL(65535,2),
    REDIRECT_END                   DECIMAL(65535,2),
    REDIRECT_DURATION              DECIMAL(65535,2),
    FETCH_START                    DECIMAL(65535,2),
    DOMAIN_LOOKUP_START            DECIMAL(65535,2),
    DOMAIN_LOOKUP_END              DECIMAL(65535,2),
    DOMAIN_LOOKUP_DURATION         DECIMAL(65535,2),
    CONNECT_START                  DECIMAL(65535,2),
    CONNECT_END                    DECIMAL(65535,2),
    CONNECT_DURATION               DECIMAL(65535,2),
    REQUEST_START                  DECIMAL(65535,2),
    RESPONSE_START                 DECIMAL(65535,2),
    RESPONSE_END                   DECIMAL(65535,2),
    RESPONSE_DURATION              DECIMAL(65535,2),
    REQUEST_TO_RESPONSE_DURATION   DECIMAL(65535,2),
    DOM_LOADING                    DECIMAL(65535,2),
    DOM_INTERACTIVE                DECIMAL(65535,2),
    DOM_CONTENT_LOADED_EVENT_START DECIMAL(65535,2),
    DOM_CONTENT_LOADED_EVENT_END   DECIMAL(65535,2),
    DOM_CONTENT_LOADED_EVENT       DECIMAL(65535,2),
    DOM_COMPLETE_DURATION          DECIMAL(65535,2),
    LOAD_EVENT_START               DECIMAL(65535,2),
    LOAD_EVENT_END                 DECIMAL(65535,2),
    LOAD_EVENT_DURATION            DECIMAL(65535,2),
    LATENCY_DURATION               DECIMAL(65535,2),
    PAGE_LOAD_DURATION             DECIMAL(65535,2),
    TOTAL_TIME_DURATION            DECIMAL(65535,2),
    MS_FIRST_PAINT                 DECIMAL(65535,2),
    MS_FIRST_PAINT_NAVSTARTDUR_MS  DECIMAL(65535,2),
    MS_FIRST_PAINT_LOAD_ENDDUR_MS  DECIMAL(65535,2),
    TYPE_NAME                      VARCHAR(255),
    REDIRECT_COUNT                 DECIMAL(65535,2),
    HASH 						   CHAR(64)
  )
10:09:18.658 [Test worker] DEBUG o.f.core.internal.command.DbMigrate - Successfully completed and committed migration of schema "PUBLIC" to version 1
10:09:18.658 [Test worker] DEBUG o.f.c.i.m.MetaDataTableImpl - MetaData table "PUBLIC"."schema_version" successfully updated to reflect changes
10:09:18.659 [Test worker] DEBUG o.f.core.internal.dbsupport.Table - Locking table "PUBLIC"."schema_version"...
10:09:18.659 [Test worker] DEBUG o.f.core.internal.dbsupport.Table - Lock acquired for table "PUBLIC"."schema_version"
10:09:18.660 [Test worker] INFO  o.f.core.internal.command.DbMigrate - Migrating schema "PUBLIC" to version 2 - Create cpu table
10:09:18.660 [Test worker] DEBUG o.f.c.internal.dbsupport.SqlScript - Found statement at line 1: CREATE TABLE CPU_USAGE
  (
    ID              BIGINT PRIMARY KEY AUTO_INCREMENT,
    CLIENT          VARCHAR(255) NOT NULL,
    ENVIRONMENT     VARCHAR(255) NOT NULL,
    SYS_DATETIME    TIMESTAMP,
    CPU_USAGE       DECIMAL(65535,2),
    HASH 			CHAR(64)
  )
10:09:18.660 [Test worker] DEBUG o.f.c.internal.dbsupport.SqlScript - Executing SQL: CREATE TABLE CPU_USAGE
  (
    ID              BIGINT PRIMARY KEY AUTO_INCREMENT,
    CLIENT          VARCHAR(255) NOT NULL,
    ENVIRONMENT     VARCHAR(255) NOT NULL,
    SYS_DATETIME    TIMESTAMP,
    CPU_USAGE       DECIMAL(65535,2),
    HASH 			CHAR(64)
  )
10:09:18.661 [Test worker] DEBUG o.f.core.internal.command.DbMigrate - Successfully completed and committed migration of schema "PUBLIC" to version 2
10:09:18.662 [Test worker] DEBUG o.f.c.i.m.MetaDataTableImpl - MetaData table "PUBLIC"."schema_version" successfully updated to reflect changes
10:09:18.662 [Test worker] DEBUG o.f.core.internal.dbsupport.Table - Locking table "PUBLIC"."schema_version"...
10:09:18.662 [Test worker] DEBUG o.f.core.internal.dbsupport.Table - Lock acquired for table "PUBLIC"."schema_version"
10:09:18.663 [Test worker] INFO  o.f.core.internal.command.DbMigrate - Migrating schema "PUBLIC" to version 3 - Create memory table
10:09:18.664 [Test worker] DEBUG o.f.c.internal.dbsupport.SqlScript - Found statement at line 1: CREATE TABLE MEMORY_USAGE
  (
    ID              BIGINT PRIMARY KEY AUTO_INCREMENT,
    CLIENT          VARCHAR(255) NOT NULL,
    ENVIRONMENT     VARCHAR(255) NOT NULL,
    SYS_DATETIME    TIMESTAMP,
    TOTAL_HEAP 		DECIMAL(65535,2),
	FREE_HEAP		DECIMAL(65535,2),
	HASH 			CHAR(64)
  )
10:09:18.664 [Test worker] DEBUG o.f.c.internal.dbsupport.SqlScript - Executing SQL: CREATE TABLE MEMORY_USAGE
  (
    ID              BIGINT PRIMARY KEY AUTO_INCREMENT,
    CLIENT          VARCHAR(255) NOT NULL,
    ENVIRONMENT     VARCHAR(255) NOT NULL,
    SYS_DATETIME    TIMESTAMP,
    TOTAL_HEAP 		DECIMAL(65535,2),
	FREE_HEAP		DECIMAL(65535,2),
	HASH 			CHAR(64)
  )
10:09:18.664 [Test worker] DEBUG o.f.core.internal.command.DbMigrate - Successfully completed and committed migration of schema "PUBLIC" to version 3
10:09:18.665 [Test worker] DEBUG o.f.c.i.m.MetaDataTableImpl - MetaData table "PUBLIC"."schema_version" successfully updated to reflect changes
10:09:18.666 [Test worker] DEBUG o.f.core.internal.dbsupport.Table - Locking table "PUBLIC"."schema_version"...
10:09:18.666 [Test worker] DEBUG o.f.core.internal.dbsupport.Table - Lock acquired for table "PUBLIC"."schema_version"
10:09:18.667 [Test worker] INFO  o.f.core.internal.command.DbMigrate - Migrating schema "PUBLIC" to version 4 - Create imported file table
10:09:18.668 [Test worker] DEBUG o.f.c.internal.dbsupport.SqlScript - Found statement at line 1: CREATE TABLE IMPORTED_FILE
  (
    ID              BIGINT PRIMARY KEY AUTO_INCREMENT,
    CLIENT          VARCHAR(255) NOT NULL,
    ENVIRONMENT     VARCHAR(255) NOT NULL,
    STATUS          VARCHAR(255),
    IMPORT_DATETIME TIMESTAMP,
    FILENAME        VARCHAR(255) NOT NULL,
    STACKTRACE		CLOB,
    CONSTRAINT UNIQUE_FILE UNIQUE (CLIENT, ENVIRONMENT, FILENAME)
  )
10:09:18.668 [Test worker] DEBUG o.f.c.internal.dbsupport.SqlScript - Executing SQL: CREATE TABLE IMPORTED_FILE
  (
    ID              BIGINT PRIMARY KEY AUTO_INCREMENT,
    CLIENT          VARCHAR(255) NOT NULL,
    ENVIRONMENT     VARCHAR(255) NOT NULL,
    STATUS          VARCHAR(255),
    IMPORT_DATETIME TIMESTAMP,
    FILENAME        VARCHAR(255) NOT NULL,
    STACKTRACE		CLOB,
    CONSTRAINT UNIQUE_FILE UNIQUE (CLIENT, ENVIRONMENT, FILENAME)
  )
10:09:18.668 [Test worker] DEBUG o.f.core.internal.command.DbMigrate - Successfully completed and committed migration of schema "PUBLIC" to version 4
10:09:18.669 [Test worker] DEBUG o.f.c.i.m.MetaDataTableImpl - MetaData table "PUBLIC"."schema_version" successfully updated to reflect changes
10:09:18.669 [Test worker] DEBUG o.f.core.internal.dbsupport.Table - Locking table "PUBLIC"."schema_version"...
10:09:18.670 [Test worker] DEBUG o.f.core.internal.dbsupport.Table - Lock acquired for table "PUBLIC"."schema_version"
10:09:18.670 [Test worker] INFO  o.f.core.internal.command.DbMigrate - Migrating schema "PUBLIC" to version 5 - Create events table
10:09:18.671 [Test worker] DEBUG o.f.c.internal.dbsupport.SqlScript - Found statement at line 1: CREATE TABLE EVENTS 
  (
    ID              BIGINT PRIMARY KEY AUTO_INCREMENT,
    CLIENT          VARCHAR2(255) NOT NULL,
    ENVIRONMENT     VARCHAR2(255) NOT NULL,
    DATUM           DATE, 
    "TYPE"          VARCHAR2(255), 
    BESCHREIBUNG    VARCHAR2(255)
  )
10:09:18.671 [Test worker] DEBUG o.f.c.internal.dbsupport.SqlScript - Found statement at line 11: INSERT INTO EVENTS (CLIENT, ENVIRONMENT, DATUM, TYPE, BESCHREIBUNG) 
  values ('Coop', 'pjazz', parsedatetime('31.01.2015','DD.MM.YYYY'), 'ignore_days', '100% CPU')
10:09:18.671 [Test worker] DEBUG o.f.c.internal.dbsupport.SqlScript - Found statement at line 13: INSERT INTO EVENTS (CLIENT, ENVIRONMENT, DATUM, TYPE, BESCHREIBUNG) 
  values ('Coop', 'pjazz', parsedatetime('05.01.2015','DD.MM.YYYY'), 'ignore_days', '100% CPU')
10:09:18.671 [Test worker] DEBUG o.f.c.internal.dbsupport.SqlScript - Found statement at line 15: INSERT INTO EVENTS (CLIENT, ENVIRONMENT, DATUM, TYPE, BESCHREIBUNG) 
  values ('Coop', 'pjazz', parsedatetime('16.02.2015','DD.MM.YYYY'), 'ignore_days', '100% CPU')
10:09:18.671 [Test worker] DEBUG o.f.c.internal.dbsupport.SqlScript - Executing SQL: CREATE TABLE EVENTS 
  (
    ID              BIGINT PRIMARY KEY AUTO_INCREMENT,
    CLIENT          VARCHAR2(255) NOT NULL,
    ENVIRONMENT     VARCHAR2(255) NOT NULL,
    DATUM           DATE, 
    "TYPE"          VARCHAR2(255), 
    BESCHREIBUNG    VARCHAR2(255)
  )
10:09:18.671 [Test worker] DEBUG o.f.c.internal.dbsupport.SqlScript - Executing SQL: INSERT INTO EVENTS (CLIENT, ENVIRONMENT, DATUM, TYPE, BESCHREIBUNG) 
  values ('Coop', 'pjazz', parsedatetime('31.01.2015','DD.MM.YYYY'), 'ignore_days', '100% CPU')
10:09:18.672 [Test worker] DEBUG o.f.c.internal.dbsupport.SqlScript - Executing SQL: INSERT INTO EVENTS (CLIENT, ENVIRONMENT, DATUM, TYPE, BESCHREIBUNG) 
  values ('Coop', 'pjazz', parsedatetime('05.01.2015','DD.MM.YYYY'), 'ignore_days', '100% CPU')
10:09:18.672 [Test worker] DEBUG o.f.c.internal.dbsupport.SqlScript - Executing SQL: INSERT INTO EVENTS (CLIENT, ENVIRONMENT, DATUM, TYPE, BESCHREIBUNG) 
  values ('Coop', 'pjazz', parsedatetime('16.02.2015','DD.MM.YYYY'), 'ignore_days', '100% CPU')
10:09:18.672 [Test worker] DEBUG o.f.core.internal.command.DbMigrate - Successfully completed and committed migration of schema "PUBLIC" to version 5
10:09:18.673 [Test worker] DEBUG o.f.c.i.m.MetaDataTableImpl - MetaData table "PUBLIC"."schema_version" successfully updated to reflect changes
10:09:18.673 [Test worker] DEBUG o.f.core.internal.dbsupport.Table - Locking table "PUBLIC"."schema_version"...
10:09:18.673 [Test worker] DEBUG o.f.core.internal.dbsupport.Table - Lock acquired for table "PUBLIC"."schema_version"
10:09:18.674 [Test worker] INFO  o.f.core.internal.command.DbMigrate - Successfully applied 5 migrations to schema "PUBLIC" (execution time 00:00.022s).
10:09:18.681 [Test worker] DEBUG c.m.query.sql.dml.SQLInsertClause - insert into MEMORY_USAGE (CLIENT, SYS_DATETIME, ENVIRONMENT, HASH, FREE_HEAP) values (?, ?, ?, ?, ?)
10:09:18.688 [Test worker] DEBUG c.mysema.query.sql.AbstractSQLQuery - select MEMORY_USAGE.ID, MEMORY_USAGE.SYS_DATETIME, MEMORY_USAGE.TOTAL_HEAP, MEMORY_USAGE.FREE_HEAP from MEMORY_USAGE MEMORY_USAGE where MEMORY_USAGE.ID in (select MEMORY_USAGE.ID from MEMORY_USAGE MEMORY_USAGE where MEMORY_USAGE.ID between ? and ?) and MEMORY_USAGE.CLIENT = ? and MEMORY_USAGE.ENVIRONMENT = ? order by MEMORY_USAGE.ID asc
10:09:18.690 [Test worker] DEBUG c.mysema.query.sql.AbstractSQLQuery - select MEMORY_USAGE.ID, MEMORY_USAGE.SYS_DATETIME, MEMORY_USAGE.TOTAL_HEAP, MEMORY_USAGE.FREE_HEAP from MEMORY_USAGE MEMORY_USAGE where MEMORY_USAGE.ID in (select MEMORY_USAGE.ID from MEMORY_USAGE MEMORY_USAGE where MEMORY_USAGE.ID between ? and ?) and MEMORY_USAGE.CLIENT = ? and MEMORY_USAGE.ENVIRONMENT = ? order by MEMORY_USAGE.ID asc
10:09:18.692 [Test worker] DEBUG c.mysema.query.sql.AbstractSQLQuery - select MEMORY_USAGE.ID, MEMORY_USAGE.SYS_DATETIME, MEMORY_USAGE.TOTAL_HEAP, MEMORY_USAGE.FREE_HEAP from MEMORY_USAGE MEMORY_USAGE where MEMORY_USAGE.ID in (select MEMORY_USAGE.ID from MEMORY_USAGE MEMORY_USAGE where MEMORY_USAGE.ID between ? and ?) and MEMORY_USAGE.CLIENT = ? and MEMORY_USAGE.ENVIRONMENT = ? order by MEMORY_USAGE.ID asc
10:09:18.693 [Test worker] DEBUG c.mysema.query.sql.AbstractSQLQuery - select MEMORY_USAGE.ID, MEMORY_USAGE.SYS_DATETIME, MEMORY_USAGE.TOTAL_HEAP, MEMORY_USAGE.FREE_HEAP from MEMORY_USAGE MEMORY_USAGE where MEMORY_USAGE.ID in (select MEMORY_USAGE.ID from MEMORY_USAGE MEMORY_USAGE where MEMORY_USAGE.ID between ? and ?) and MEMORY_USAGE.CLIENT = ? and MEMORY_USAGE.ENVIRONMENT = ? order by MEMORY_USAGE.ID asc
10:09:18.695 [Test worker] DEBUG c.mysema.query.sql.AbstractSQLQuery - select MEMORY_USAGE.ID, MEMORY_USAGE.SYS_DATETIME, MEMORY_USAGE.TOTAL_HEAP, MEMORY_USAGE.FREE_HEAP from MEMORY_USAGE MEMORY_USAGE where MEMORY_USAGE.ID in (select MEMORY_USAGE.ID from MEMORY_USAGE MEMORY_USAGE where MEMORY_USAGE.ID between ? and ?) and MEMORY_USAGE.CLIENT = ? and MEMORY_USAGE.ENVIRONMENT = ? order by MEMORY_USAGE.ID asc
10:09:18.698 [Test worker] INFO  o.f.c.i.dbsupport.DbSupportFactory - Database: jdbc:h2:mem:test (H2 1.4)
10:09:18.698 [Test worker] DEBUG org.flywaydb.core.Flyway - DDL Transactions Supported: false
10:09:18.698 [Test worker] DEBUG org.flywaydb.core.Flyway - Schema: PUBLIC
10:09:18.698 [Test worker] DEBUG o.f.c.i.u.s.c.ClassPathScanner - Scanning for classpath resources at 'db/migration/h2' (Prefix: '', Suffix: '.sql')
10:09:18.698 [Test worker] DEBUG o.f.c.i.u.s.c.ClassPathScanner - Scanning URL: file:/C:/Workspace/ergon.zebra/zebra-utils/monitoring/monitoring-data/build/resources/main/db/migration/h2
10:09:18.699 [Test worker] DEBUG o.f.c.internal.util.FeatureDetector - JBoss VFS v2 available: false
10:09:18.699 [Test worker] DEBUG o.f.c.i.u.s.c.FileSystemClassPathLocationScanner - Scanning starting at classpath root in filesystem: C:\Workspace\ergon.zebra\zebra-utils\monitoring\monitoring-data\build\resources\main\
10:09:18.699 [Test worker] DEBUG o.f.c.i.u.s.c.FileSystemClassPathLocationScanner - Scanning for resources in path: C:\Workspace\ergon.zebra\zebra-utils\monitoring\monitoring-data\build\resources\main\db\migration\h2 (db/migration/h2)
10:09:18.699 [Test worker] DEBUG o.f.c.i.u.s.c.ClassPathScanner - Found resource: db/migration/h2/V1__Create_profiling_table.sql
10:09:18.699 [Test worker] DEBUG o.f.c.i.u.s.c.ClassPathScanner - Found resource: db/migration/h2/V2__Create_cpu_table.sql
10:09:18.699 [Test worker] DEBUG o.f.c.i.u.s.c.ClassPathScanner - Found resource: db/migration/h2/V3__Create_memory_table.sql
10:09:18.699 [Test worker] DEBUG o.f.c.i.u.s.c.ClassPathScanner - Found resource: db/migration/h2/V4__Create_imported_file_table.sql
10:09:18.699 [Test worker] DEBUG o.f.c.i.u.s.c.ClassPathScanner - Found resource: db/migration/h2/V5__Create_events_table.sql
10:09:18.700 [Test worker] DEBUG o.f.c.internal.util.FeatureDetector - Spring Jdbc available: false
10:09:18.700 [Test worker] DEBUG o.f.core.internal.command.DbValidate - Validating migrations ...
10:09:18.700 [Test worker] DEBUG o.f.c.i.u.s.c.ClassPathScanner - Scanning for classpath resources at 'db/migration/h2' (Prefix: 'V', Suffix: '.sql')
10:09:18.700 [Test worker] DEBUG o.f.c.i.u.s.c.ClassPathScanner - Scanning URL: file:/C:/Workspace/ergon.zebra/zebra-utils/monitoring/monitoring-data/build/resources/main/db/migration/h2
10:09:18.700 [Test worker] DEBUG o.f.c.internal.util.FeatureDetector - JBoss VFS v2 available: false
10:09:18.700 [Test worker] DEBUG o.f.c.i.u.s.c.FileSystemClassPathLocationScanner - Scanning starting at classpath root in filesystem: C:\Workspace\ergon.zebra\zebra-utils\monitoring\monitoring-data\build\resources\main\
10:09:18.700 [Test worker] DEBUG o.f.c.i.u.s.c.FileSystemClassPathLocationScanner - Scanning for resources in path: C:\Workspace\ergon.zebra\zebra-utils\monitoring\monitoring-data\build\resources\main\db\migration\h2 (db/migration/h2)
10:09:18.701 [Test worker] DEBUG o.f.c.i.u.s.c.ClassPathScanner - Found resource: db/migration/h2/V1__Create_profiling_table.sql
10:09:18.701 [Test worker] DEBUG o.f.c.i.u.s.c.ClassPathScanner - Found resource: db/migration/h2/V2__Create_cpu_table.sql
10:09:18.701 [Test worker] DEBUG o.f.c.i.u.s.c.ClassPathScanner - Found resource: db/migration/h2/V3__Create_memory_table.sql
10:09:18.701 [Test worker] DEBUG o.f.c.i.u.s.c.ClassPathScanner - Found resource: db/migration/h2/V4__Create_imported_file_table.sql
10:09:18.701 [Test worker] DEBUG o.f.c.i.u.s.c.ClassPathScanner - Found resource: db/migration/h2/V5__Create_events_table.sql
10:09:18.702 [Test worker] DEBUG o.f.c.i.u.s.c.ClassPathScanner - Scanning for classes at 'db/migration/h2' (Implementing: 'org.flywaydb.core.api.migration.jdbc.JdbcMigration')
10:09:18.703 [Test worker] DEBUG o.f.c.i.u.s.c.ClassPathScanner - Scanning URL: file:/C:/Workspace/ergon.zebra/zebra-utils/monitoring/monitoring-data/build/resources/main/db/migration/h2
10:09:18.703 [Test worker] DEBUG o.f.c.internal.util.FeatureDetector - JBoss VFS v2 available: false
10:09:18.703 [Test worker] DEBUG o.f.c.i.u.s.c.FileSystemClassPathLocationScanner - Scanning starting at classpath root in filesystem: C:\Workspace\ergon.zebra\zebra-utils\monitoring\monitoring-data\build\resources\main\
10:09:18.703 [Test worker] DEBUG o.f.c.i.u.s.c.FileSystemClassPathLocationScanner - Scanning for resources in path: C:\Workspace\ergon.zebra\zebra-utils\monitoring\monitoring-data\build\resources\main\db\migration\h2 (db/migration/h2)
10:09:18.703 [Test worker] DEBUG o.f.c.i.u.s.c.ClassPathScanner - Filtering out resource: db/migration/h2/V1__Create_profiling_table.sql (filename: V1__Create_profiling_table.sql)
10:09:18.703 [Test worker] DEBUG o.f.c.i.u.s.c.ClassPathScanner - Filtering out resource: db/migration/h2/V2__Create_cpu_table.sql (filename: V2__Create_cpu_table.sql)
10:09:18.703 [Test worker] DEBUG o.f.c.i.u.s.c.ClassPathScanner - Filtering out resource: db/migration/h2/V3__Create_memory_table.sql (filename: V3__Create_memory_table.sql)
10:09:18.703 [Test worker] DEBUG o.f.c.i.u.s.c.ClassPathScanner - Filtering out resource: db/migration/h2/V4__Create_imported_file_table.sql (filename: V4__Create_imported_file_table.sql)
10:09:18.703 [Test worker] DEBUG o.f.c.i.u.s.c.ClassPathScanner - Filtering out resource: db/migration/h2/V5__Create_events_table.sql (filename: V5__Create_events_table.sql)
10:09:18.704 [Test worker] INFO  o.f.core.internal.command.DbValidate - Validated 5 migrations (execution time 00:00.004s)
10:09:18.705 [Test worker] DEBUG o.f.core.internal.command.DbSchemas - Schema "PUBLIC" already exists. Skipping schema creation.
10:09:18.706 [Test worker] INFO  o.f.c.i.m.MetaDataTableImpl - Creating Metadata table: "PUBLIC"."schema_version"
10:09:18.707 [Test worker] DEBUG o.f.c.internal.dbsupport.SqlScript - Found statement at line 17: CREATE TABLE "PUBLIC"."schema_version" (
    "version_rank" INT NOT NULL,
    "installed_rank" INT NOT NULL,
    "version" VARCHAR(50) NOT NULL,
    "description" VARCHAR(200) NOT NULL,
    "type" VARCHAR(20) NOT NULL,
    "script" VARCHAR(1000) NOT NULL,
    "checksum" INT,
    "installed_by" VARCHAR(100) NOT NULL,
    "installed_on" TIMESTAMP NOT NULL DEFAULT CURRENT_TIMESTAMP,
    "execution_time" INT NOT NULL,
    "success" BOOLEAN NOT NULL
)
10:09:18.707 [Test worker] DEBUG o.f.c.internal.dbsupport.SqlScript - Found statement at line 30: ALTER TABLE "PUBLIC"."schema_version" ADD CONSTRAINT "schema_version_pk" PRIMARY KEY ("version")
10:09:18.707 [Test worker] DEBUG o.f.c.internal.dbsupport.SqlScript - Found statement at line 32: CREATE INDEX "PUBLIC"."schema_version_vr_idx" ON "PUBLIC"."schema_version" ("version_rank")
10:09:18.707 [Test worker] DEBUG o.f.c.internal.dbsupport.SqlScript - Found statement at line 33: CREATE INDEX "PUBLIC"."schema_version_ir_idx" ON "PUBLIC"."schema_version" ("installed_rank")
10:09:18.707 [Test worker] DEBUG o.f.c.internal.dbsupport.SqlScript - Found statement at line 34: CREATE INDEX "PUBLIC"."schema_version_s_idx" ON "PUBLIC"."schema_version" ("success")
10:09:18.707 [Test worker] DEBUG o.f.c.internal.dbsupport.SqlScript - Executing SQL: CREATE TABLE "PUBLIC"."schema_version" (
    "version_rank" INT NOT NULL,
    "installed_rank" INT NOT NULL,
    "version" VARCHAR(50) NOT NULL,
    "description" VARCHAR(200) NOT NULL,
    "type" VARCHAR(20) NOT NULL,
    "script" VARCHAR(1000) NOT NULL,
    "checksum" INT,
    "installed_by" VARCHAR(100) NOT NULL,
    "installed_on" TIMESTAMP NOT NULL DEFAULT CURRENT_TIMESTAMP,
    "execution_time" INT NOT NULL,
    "success" BOOLEAN NOT NULL
)
10:09:18.707 [Test worker] DEBUG o.f.c.internal.dbsupport.SqlScript - Executing SQL: ALTER TABLE "PUBLIC"."schema_version" ADD CONSTRAINT "schema_version_pk" PRIMARY KEY ("version")
10:09:18.708 [Test worker] DEBUG o.f.c.internal.dbsupport.SqlScript - Executing SQL: CREATE INDEX "PUBLIC"."schema_version_vr_idx" ON "PUBLIC"."schema_version" ("version_rank")
10:09:18.708 [Test worker] DEBUG o.f.c.internal.dbsupport.SqlScript - Executing SQL: CREATE INDEX "PUBLIC"."schema_version_ir_idx" ON "PUBLIC"."schema_version" ("installed_rank")
10:09:18.708 [Test worker] DEBUG o.f.c.internal.dbsupport.SqlScript - Executing SQL: CREATE INDEX "PUBLIC"."schema_version_s_idx" ON "PUBLIC"."schema_version" ("success")
10:09:18.708 [Test worker] DEBUG o.f.c.i.m.MetaDataTableImpl - Metadata table "PUBLIC"."schema_version" created.
10:09:18.708 [Test worker] DEBUG o.f.core.internal.dbsupport.Table - Locking table "PUBLIC"."schema_version"...
10:09:18.708 [Test worker] DEBUG o.f.core.internal.dbsupport.Table - Lock acquired for table "PUBLIC"."schema_version"
10:09:18.709 [Test worker] INFO  o.f.core.internal.command.DbMigrate - Current version of schema "PUBLIC": << Empty Schema >>
10:09:18.709 [Test worker] INFO  o.f.core.internal.command.DbMigrate - Migrating schema "PUBLIC" to version 1 - Create profiling table
10:09:18.711 [Test worker] DEBUG o.f.c.internal.dbsupport.SqlScript - Found statement at line 1: CREATE TABLE PROFILING
  (
    ID                             BIGINT PRIMARY KEY AUTO_INCREMENT,
    CLIENT                         VARCHAR(255) NOT NULL,
    ENVIRONMENT                    VARCHAR(255) NOT NULL,
    USECASE_ID                     VARCHAR(255),
    SERVER_EXECUTION_TIME_MS       DECIMAL(65535,2),
    SERVER_WAIT_TIME_MS            DECIMAL(65535,2),
    SERVER_EXEC_NO_WAIT_TIME_MS    DECIMAL(65535,2),
    SERVER_OVERHEAD_TIME_MS        DECIMAL(65535,2),
    REQUEST_ID                     DECIMAL(65535,2),
    SESSION_ID                     VARCHAR(255),
    SESSION_AGE_IN_MINUTES         DECIMAL(65535,2),
    USER_AGENT                     VARCHAR(255),
    HOST                           VARCHAR(255),
    CLIENT_IP_ADDRESS              VARCHAR(255),
    USECASE_EXPECTS_NAV_TIME       TINYINT CHECK(USECASE_EXPECTS_NAV_TIME = 1 || USECASE_EXPECTS_NAV_TIME = 0),
    STATEMENTS_EXECUTED            DECIMAL(65535,2),
    TOTAL_EXECUTION_TIME_MS        DECIMAL(65535,2),
    TOTAL_FETCH_TIME_MS            DECIMAL(65535,2),
    TOTAL_DATABASE_TIME_MS         DECIMAL(65535,2),
    MANDANT                        VARCHAR(255),
    LOGIN_NAME                     VARCHAR(255),
    FOCUS_DATE                     DATE,
    FOCUS_DATE_MINUS_SYSTEMDATE    DECIMAL(65535,2),
    FOCUS_KST_NUMMER               VARCHAR(255),
    FOCUS_KST_NR_OF_MITARBEITER    DECIMAL(65535,2),
    NR_OF_ACC_KOSTENSTELLE_TODAY   DECIMAL(65535,2),
    LIMIT_PEE_NUMMER               VARCHAR(255),
    SYS_DATETIME                   TIMESTAMP,
    WEEKDAY                        VARCHAR(255),
    ZEITART_NUMMER                 VARCHAR(255),
    MIN_ACTION_DATE                DATE,
    MAX_ACTION_DATE                DATE,
    MIN_ACTION_DATE_MINUS_SYSDAYS  DECIMAL(65535,2),
    MAX_ACTION_DATE_MINUS_SYSDAYS  DECIMAL(65535,2),
    ACTION_DATE_INTEVAL_DAYS       DECIMAL(65535,2),
    BW_DAUER_MS                    DECIMAL(65535,2),
    BW_MODE                        VARCHAR(255),
    PLANUNGEN_GENERIEREN_TAGE      DECIMAL(65535,2),
    PLANUNGEN_GENERIEREN_DAUER_MS  DECIMAL(65535,2),
    SOLL_GLEICH_IST_TAGE           DECIMAL(65535,2),
    SOLL_GLEICH_IST_DAUER_MS       DECIMAL(65535,2),
    BUCHUNGSLAUF_TAGE              DECIMAL(65535,2),
    BUCHUNGSLAUF_DAUER_MS          DECIMAL(65535,2),
    KONTOLAUF_TAGE                 DECIMAL(65535,2),
    KONTOLAUF_DAUER_MS             DECIMAL(65535,2),
    KONTOLAUF_ITERATIONEN          DECIMAL(65535,2),
    PLANUNGEN_NEURECHNEN_TAGE      DECIMAL(65535,2),
    PLANUNGEN_NEURECHNEN_DAUER_MS  DECIMAL(65535,2),
    FORCE_PLANUNG_NEURECHNEN       TINYINT CHECK(FORCE_PLANUNG_NEURECHNEN = 1 || FORCE_PLANUNG_NEURECHNEN = 0),
    ZEITART_REGEL_ENFORCM_ANZAHL   DECIMAL(65535,2),
    ZEITART_REGEL_ENFORCM_DAUER_MS DECIMAL(65535,2),
    WOCHE_NEU_RECHNEN_ANZAHL       DECIMAL(65535,2),
    WOCHE_NEU_RECHNEN_DAUER_MS     DECIMAL(65535,2),
    SYSTEM_CPU_LOAD                DECIMAL(65535,2),
    PROCESS_CPU_LOAD               DECIMAL(65535,2),
    SYSTEM_LOAD_AVERAGE            DECIMAL(65535,2),
    ZEBRA_VERSION                  VARCHAR(255),
    JAVA_VERSION                   VARCHAR(255),
    PAGE_LOADS_PER_SECOND          DECIMAL(65535,2),
    ACTIVE_SESSIONS_1              DECIMAL(65535,2),
    ACTIVE_SESSIONS_5              DECIMAL(65535,2),
    REAL_SERVER_TIME               TINYINT CHECK(REAL_SERVER_TIME = 1 || REAL_SERVER_TIME = 0),
    NAVIGATION_TIME_RECEIVED       TINYINT CHECK(NAVIGATION_TIME_RECEIVED = 1 || NAVIGATION_TIME_RECEIVED = 0),
    NAVIGATION_START               DECIMAL(65535,2),
    UNLOAD_EVENT_START             DECIMAL(65535,2),
    UNLOAD_EVENT_END               DECIMAL(65535,2),
    UNLOAD_EVENT_DURATION          DECIMAL(65535,2),
    REDIRECT_START                 DECIMAL(65535,2),
    REDIRECT_END                   DECIMAL(65535,2),
    REDIRECT_DURATION              DECIMAL(65535,2),
    FETCH_START                    DECIMAL(65535,2),
    DOMAIN_LOOKUP_START            DECIMAL(65535,2),
    DOMAIN_LOOKUP_END              DECIMAL(65535,2),
    DOMAIN_LOOKUP_DURATION         DECIMAL(65535,2),
    CONNECT_START                  DECIMAL(65535,2),
    CONNECT_END                    DECIMAL(65535,2),
    CONNECT_DURATION               DECIMAL(65535,2),
    REQUEST_START                  DECIMAL(65535,2),
    RESPONSE_START                 DECIMAL(65535,2),
    RESPONSE_END                   DECIMAL(65535,2),
    RESPONSE_DURATION              DECIMAL(65535,2),
    REQUEST_TO_RESPONSE_DURATION   DECIMAL(65535,2),
    DOM_LOADING                    DECIMAL(65535,2),
    DOM_INTERACTIVE                DECIMAL(65535,2),
    DOM_CONTENT_LOADED_EVENT_START DECIMAL(65535,2),
    DOM_CONTENT_LOADED_EVENT_END   DECIMAL(65535,2),
    DOM_CONTENT_LOADED_EVENT       DECIMAL(65535,2),
    DOM_COMPLETE_DURATION          DECIMAL(65535,2),
    LOAD_EVENT_START               DECIMAL(65535,2),
    LOAD_EVENT_END                 DECIMAL(65535,2),
    LOAD_EVENT_DURATION            DECIMAL(65535,2),
    LATENCY_DURATION               DECIMAL(65535,2),
    PAGE_LOAD_DURATION             DECIMAL(65535,2),
    TOTAL_TIME_DURATION            DECIMAL(65535,2),
    MS_FIRST_PAINT                 DECIMAL(65535,2),
    MS_FIRST_PAINT_NAVSTARTDUR_MS  DECIMAL(65535,2),
    MS_FIRST_PAINT_LOAD_ENDDUR_MS  DECIMAL(65535,2),
    TYPE_NAME                      VARCHAR(255),
    REDIRECT_COUNT                 DECIMAL(65535,2),
    HASH 						   CHAR(64)
  )
10:09:18.711 [Test worker] DEBUG o.f.c.internal.dbsupport.SqlScript - Executing SQL: CREATE TABLE PROFILING
  (
    ID                             BIGINT PRIMARY KEY AUTO_INCREMENT,
    CLIENT                         VARCHAR(255) NOT NULL,
    ENVIRONMENT                    VARCHAR(255) NOT NULL,
    USECASE_ID                     VARCHAR(255),
    SERVER_EXECUTION_TIME_MS       DECIMAL(65535,2),
    SERVER_WAIT_TIME_MS            DECIMAL(65535,2),
    SERVER_EXEC_NO_WAIT_TIME_MS    DECIMAL(65535,2),
    SERVER_OVERHEAD_TIME_MS        DECIMAL(65535,2),
    REQUEST_ID                     DECIMAL(65535,2),
    SESSION_ID                     VARCHAR(255),
    SESSION_AGE_IN_MINUTES         DECIMAL(65535,2),
    USER_AGENT                     VARCHAR(255),
    HOST                           VARCHAR(255),
    CLIENT_IP_ADDRESS              VARCHAR(255),
    USECASE_EXPECTS_NAV_TIME       TINYINT CHECK(USECASE_EXPECTS_NAV_TIME = 1 || USECASE_EXPECTS_NAV_TIME = 0),
    STATEMENTS_EXECUTED            DECIMAL(65535,2),
    TOTAL_EXECUTION_TIME_MS        DECIMAL(65535,2),
    TOTAL_FETCH_TIME_MS            DECIMAL(65535,2),
    TOTAL_DATABASE_TIME_MS         DECIMAL(65535,2),
    MANDANT                        VARCHAR(255),
    LOGIN_NAME                     VARCHAR(255),
    FOCUS_DATE                     DATE,
    FOCUS_DATE_MINUS_SYSTEMDATE    DECIMAL(65535,2),
    FOCUS_KST_NUMMER               VARCHAR(255),
    FOCUS_KST_NR_OF_MITARBEITER    DECIMAL(65535,2),
    NR_OF_ACC_KOSTENSTELLE_TODAY   DECIMAL(65535,2),
    LIMIT_PEE_NUMMER               VARCHAR(255),
    SYS_DATETIME                   TIMESTAMP,
    WEEKDAY                        VARCHAR(255),
    ZEITART_NUMMER                 VARCHAR(255),
    MIN_ACTION_DATE                DATE,
    MAX_ACTION_DATE                DATE,
    MIN_ACTION_DATE_MINUS_SYSDAYS  DECIMAL(65535,2),
    MAX_ACTION_DATE_MINUS_SYSDAYS  DECIMAL(65535,2),
    ACTION_DATE_INTEVAL_DAYS       DECIMAL(65535,2),
    BW_DAUER_MS                    DECIMAL(65535,2),
    BW_MODE                        VARCHAR(255),
    PLANUNGEN_GENERIEREN_TAGE      DECIMAL(65535,2),
    PLANUNGEN_GENERIEREN_DAUER_MS  DECIMAL(65535,2),
    SOLL_GLEICH_IST_TAGE           DECIMAL(65535,2),
    SOLL_GLEICH_IST_DAUER_MS       DECIMAL(65535,2),
    BUCHUNGSLAUF_TAGE              DECIMAL(65535,2),
    BUCHUNGSLAUF_DAUER_MS          DECIMAL(65535,2),
    KONTOLAUF_TAGE                 DECIMAL(65535,2),
    KONTOLAUF_DAUER_MS             DECIMAL(65535,2),
    KONTOLAUF_ITERATIONEN          DECIMAL(65535,2),
    PLANUNGEN_NEURECHNEN_TAGE      DECIMAL(65535,2),
    PLANUNGEN_NEURECHNEN_DAUER_MS  DECIMAL(65535,2),
    FORCE_PLANUNG_NEURECHNEN       TINYINT CHECK(FORCE_PLANUNG_NEURECHNEN = 1 || FORCE_PLANUNG_NEURECHNEN = 0),
    ZEITART_REGEL_ENFORCM_ANZAHL   DECIMAL(65535,2),
    ZEITART_REGEL_ENFORCM_DAUER_MS DECIMAL(65535,2),
    WOCHE_NEU_RECHNEN_ANZAHL       DECIMAL(65535,2),
    WOCHE_NEU_RECHNEN_DAUER_MS     DECIMAL(65535,2),
    SYSTEM_CPU_LOAD                DECIMAL(65535,2),
    PROCESS_CPU_LOAD               DECIMAL(65535,2),
    SYSTEM_LOAD_AVERAGE            DECIMAL(65535,2),
    ZEBRA_VERSION                  VARCHAR(255),
    JAVA_VERSION                   VARCHAR(255),
    PAGE_LOADS_PER_SECOND          DECIMAL(65535,2),
    ACTIVE_SESSIONS_1              DECIMAL(65535,2),
    ACTIVE_SESSIONS_5              DECIMAL(65535,2),
    REAL_SERVER_TIME               TINYINT CHECK(REAL_SERVER_TIME = 1 || REAL_SERVER_TIME = 0),
    NAVIGATION_TIME_RECEIVED       TINYINT CHECK(NAVIGATION_TIME_RECEIVED = 1 || NAVIGATION_TIME_RECEIVED = 0),
    NAVIGATION_START               DECIMAL(65535,2),
    UNLOAD_EVENT_START             DECIMAL(65535,2),
    UNLOAD_EVENT_END               DECIMAL(65535,2),
    UNLOAD_EVENT_DURATION          DECIMAL(65535,2),
    REDIRECT_START                 DECIMAL(65535,2),
    REDIRECT_END                   DECIMAL(65535,2),
    REDIRECT_DURATION              DECIMAL(65535,2),
    FETCH_START                    DECIMAL(65535,2),
    DOMAIN_LOOKUP_START            DECIMAL(65535,2),
    DOMAIN_LOOKUP_END              DECIMAL(65535,2),
    DOMAIN_LOOKUP_DURATION         DECIMAL(65535,2),
    CONNECT_START                  DECIMAL(65535,2),
    CONNECT_END                    DECIMAL(65535,2),
    CONNECT_DURATION               DECIMAL(65535,2),
    REQUEST_START                  DECIMAL(65535,2),
    RESPONSE_START                 DECIMAL(65535,2),
    RESPONSE_END                   DECIMAL(65535,2),
    RESPONSE_DURATION              DECIMAL(65535,2),
    REQUEST_TO_RESPONSE_DURATION   DECIMAL(65535,2),
    DOM_LOADING                    DECIMAL(65535,2),
    DOM_INTERACTIVE                DECIMAL(65535,2),
    DOM_CONTENT_LOADED_EVENT_START DECIMAL(65535,2),
    DOM_CONTENT_LOADED_EVENT_END   DECIMAL(65535,2),
    DOM_CONTENT_LOADED_EVENT       DECIMAL(65535,2),
    DOM_COMPLETE_DURATION          DECIMAL(65535,2),
    LOAD_EVENT_START               DECIMAL(65535,2),
    LOAD_EVENT_END                 DECIMAL(65535,2),
    LOAD_EVENT_DURATION            DECIMAL(65535,2),
    LATENCY_DURATION               DECIMAL(65535,2),
    PAGE_LOAD_DURATION             DECIMAL(65535,2),
    TOTAL_TIME_DURATION            DECIMAL(65535,2),
    MS_FIRST_PAINT                 DECIMAL(65535,2),
    MS_FIRST_PAINT_NAVSTARTDUR_MS  DECIMAL(65535,2),
    MS_FIRST_PAINT_LOAD_ENDDUR_MS  DECIMAL(65535,2),
    TYPE_NAME                      VARCHAR(255),
    REDIRECT_COUNT                 DECIMAL(65535,2),
    HASH 						   CHAR(64)
  )
10:09:18.713 [Test worker] DEBUG o.f.core.internal.command.DbMigrate - Successfully completed and committed migration of schema "PUBLIC" to version 1
10:09:18.713 [Test worker] DEBUG o.f.c.i.m.MetaDataTableImpl - MetaData table "PUBLIC"."schema_version" successfully updated to reflect changes
10:09:18.714 [Test worker] DEBUG o.f.core.internal.dbsupport.Table - Locking table "PUBLIC"."schema_version"...
10:09:18.714 [Test worker] DEBUG o.f.core.internal.dbsupport.Table - Lock acquired for table "PUBLIC"."schema_version"
10:09:18.714 [Test worker] INFO  o.f.core.internal.command.DbMigrate - Migrating schema "PUBLIC" to version 2 - Create cpu table
10:09:18.715 [Test worker] DEBUG o.f.c.internal.dbsupport.SqlScript - Found statement at line 1: CREATE TABLE CPU_USAGE
  (
    ID              BIGINT PRIMARY KEY AUTO_INCREMENT,
    CLIENT          VARCHAR(255) NOT NULL,
    ENVIRONMENT     VARCHAR(255) NOT NULL,
    SYS_DATETIME    TIMESTAMP,
    CPU_USAGE       DECIMAL(65535,2),
    HASH 			CHAR(64)
  )
10:09:18.715 [Test worker] DEBUG o.f.c.internal.dbsupport.SqlScript - Executing SQL: CREATE TABLE CPU_USAGE
  (
    ID              BIGINT PRIMARY KEY AUTO_INCREMENT,
    CLIENT          VARCHAR(255) NOT NULL,
    ENVIRONMENT     VARCHAR(255) NOT NULL,
    SYS_DATETIME    TIMESTAMP,
    CPU_USAGE       DECIMAL(65535,2),
    HASH 			CHAR(64)
  )
10:09:18.716 [Test worker] DEBUG o.f.core.internal.command.DbMigrate - Successfully completed and committed migration of schema "PUBLIC" to version 2
10:09:18.717 [Test worker] DEBUG o.f.c.i.m.MetaDataTableImpl - MetaData table "PUBLIC"."schema_version" successfully updated to reflect changes
10:09:18.717 [Test worker] DEBUG o.f.core.internal.dbsupport.Table - Locking table "PUBLIC"."schema_version"...
10:09:18.717 [Test worker] DEBUG o.f.core.internal.dbsupport.Table - Lock acquired for table "PUBLIC"."schema_version"
10:09:18.718 [Test worker] INFO  o.f.core.internal.command.DbMigrate - Migrating schema "PUBLIC" to version 3 - Create memory table
10:09:18.718 [Test worker] DEBUG o.f.c.internal.dbsupport.SqlScript - Found statement at line 1: CREATE TABLE MEMORY_USAGE
  (
    ID              BIGINT PRIMARY KEY AUTO_INCREMENT,
    CLIENT          VARCHAR(255) NOT NULL,
    ENVIRONMENT     VARCHAR(255) NOT NULL,
    SYS_DATETIME    TIMESTAMP,
    TOTAL_HEAP 		DECIMAL(65535,2),
	FREE_HEAP		DECIMAL(65535,2),
	HASH 			CHAR(64)
  )
10:09:18.719 [Test worker] DEBUG o.f.c.internal.dbsupport.SqlScript - Executing SQL: CREATE TABLE MEMORY_USAGE
  (
    ID              BIGINT PRIMARY KEY AUTO_INCREMENT,
    CLIENT          VARCHAR(255) NOT NULL,
    ENVIRONMENT     VARCHAR(255) NOT NULL,
    SYS_DATETIME    TIMESTAMP,
    TOTAL_HEAP 		DECIMAL(65535,2),
	FREE_HEAP		DECIMAL(65535,2),
	HASH 			CHAR(64)
  )
10:09:18.719 [Test worker] DEBUG o.f.core.internal.command.DbMigrate - Successfully completed and committed migration of schema "PUBLIC" to version 3
10:09:18.720 [Test worker] DEBUG o.f.c.i.m.MetaDataTableImpl - MetaData table "PUBLIC"."schema_version" successfully updated to reflect changes
10:09:18.720 [Test worker] DEBUG o.f.core.internal.dbsupport.Table - Locking table "PUBLIC"."schema_version"...
10:09:18.720 [Test worker] DEBUG o.f.core.internal.dbsupport.Table - Lock acquired for table "PUBLIC"."schema_version"
10:09:18.721 [Test worker] INFO  o.f.core.internal.command.DbMigrate - Migrating schema "PUBLIC" to version 4 - Create imported file table
10:09:18.721 [Test worker] DEBUG o.f.c.internal.dbsupport.SqlScript - Found statement at line 1: CREATE TABLE IMPORTED_FILE
  (
    ID              BIGINT PRIMARY KEY AUTO_INCREMENT,
    CLIENT          VARCHAR(255) NOT NULL,
    ENVIRONMENT     VARCHAR(255) NOT NULL,
    STATUS          VARCHAR(255),
    IMPORT_DATETIME TIMESTAMP,
    FILENAME        VARCHAR(255) NOT NULL,
    STACKTRACE		CLOB,
    CONSTRAINT UNIQUE_FILE UNIQUE (CLIENT, ENVIRONMENT, FILENAME)
  )
10:09:18.721 [Test worker] DEBUG o.f.c.internal.dbsupport.SqlScript - Executing SQL: CREATE TABLE IMPORTED_FILE
  (
    ID              BIGINT PRIMARY KEY AUTO_INCREMENT,
    CLIENT          VARCHAR(255) NOT NULL,
    ENVIRONMENT     VARCHAR(255) NOT NULL,
    STATUS          VARCHAR(255),
    IMPORT_DATETIME TIMESTAMP,
    FILENAME        VARCHAR(255) NOT NULL,
    STACKTRACE		CLOB,
    CONSTRAINT UNIQUE_FILE UNIQUE (CLIENT, ENVIRONMENT, FILENAME)
  )
10:09:18.722 [Test worker] DEBUG o.f.core.internal.command.DbMigrate - Successfully completed and committed migration of schema "PUBLIC" to version 4
10:09:18.723 [Test worker] DEBUG o.f.c.i.m.MetaDataTableImpl - MetaData table "PUBLIC"."schema_version" successfully updated to reflect changes
10:09:18.723 [Test worker] DEBUG o.f.core.internal.dbsupport.Table - Locking table "PUBLIC"."schema_version"...
10:09:18.723 [Test worker] DEBUG o.f.core.internal.dbsupport.Table - Lock acquired for table "PUBLIC"."schema_version"
10:09:18.724 [Test worker] INFO  o.f.core.internal.command.DbMigrate - Migrating schema "PUBLIC" to version 5 - Create events table
10:09:18.724 [Test worker] DEBUG o.f.c.internal.dbsupport.SqlScript - Found statement at line 1: CREATE TABLE EVENTS 
  (
    ID              BIGINT PRIMARY KEY AUTO_INCREMENT,
    CLIENT          VARCHAR2(255) NOT NULL,
    ENVIRONMENT     VARCHAR2(255) NOT NULL,
    DATUM           DATE, 
    "TYPE"          VARCHAR2(255), 
    BESCHREIBUNG    VARCHAR2(255)
  )
10:09:18.724 [Test worker] DEBUG o.f.c.internal.dbsupport.SqlScript - Found statement at line 11: INSERT INTO EVENTS (CLIENT, ENVIRONMENT, DATUM, TYPE, BESCHREIBUNG) 
  values ('Coop', 'pjazz', parsedatetime('31.01.2015','DD.MM.YYYY'), 'ignore_days', '100% CPU')
10:09:18.724 [Test worker] DEBUG o.f.c.internal.dbsupport.SqlScript - Found statement at line 13: INSERT INTO EVENTS (CLIENT, ENVIRONMENT, DATUM, TYPE, BESCHREIBUNG) 
  values ('Coop', 'pjazz', parsedatetime('05.01.2015','DD.MM.YYYY'), 'ignore_days', '100% CPU')
10:09:18.725 [Test worker] DEBUG o.f.c.internal.dbsupport.SqlScript - Found statement at line 15: INSERT INTO EVENTS (CLIENT, ENVIRONMENT, DATUM, TYPE, BESCHREIBUNG) 
  values ('Coop', 'pjazz', parsedatetime('16.02.2015','DD.MM.YYYY'), 'ignore_days', '100% CPU')
10:09:18.725 [Test worker] DEBUG o.f.c.internal.dbsupport.SqlScript - Executing SQL: CREATE TABLE EVENTS 
  (
    ID              BIGINT PRIMARY KEY AUTO_INCREMENT,
    CLIENT          VARCHAR2(255) NOT NULL,
    ENVIRONMENT     VARCHAR2(255) NOT NULL,
    DATUM           DATE, 
    "TYPE"          VARCHAR2(255), 
    BESCHREIBUNG    VARCHAR2(255)
  )
10:09:18.725 [Test worker] DEBUG o.f.c.internal.dbsupport.SqlScript - Executing SQL: INSERT INTO EVENTS (CLIENT, ENVIRONMENT, DATUM, TYPE, BESCHREIBUNG) 
  values ('Coop', 'pjazz', parsedatetime('31.01.2015','DD.MM.YYYY'), 'ignore_days', '100% CPU')
10:09:18.725 [Test worker] DEBUG o.f.c.internal.dbsupport.SqlScript - Executing SQL: INSERT INTO EVENTS (CLIENT, ENVIRONMENT, DATUM, TYPE, BESCHREIBUNG) 
  values ('Coop', 'pjazz', parsedatetime('05.01.2015','DD.MM.YYYY'), 'ignore_days', '100% CPU')
10:09:18.725 [Test worker] DEBUG o.f.c.internal.dbsupport.SqlScript - Executing SQL: INSERT INTO EVENTS (CLIENT, ENVIRONMENT, DATUM, TYPE, BESCHREIBUNG) 
  values ('Coop', 'pjazz', parsedatetime('16.02.2015','DD.MM.YYYY'), 'ignore_days', '100% CPU')
10:09:18.726 [Test worker] DEBUG o.f.core.internal.command.DbMigrate - Successfully completed and committed migration of schema "PUBLIC" to version 5
10:09:18.726 [Test worker] DEBUG o.f.c.i.m.MetaDataTableImpl - MetaData table "PUBLIC"."schema_version" successfully updated to reflect changes
10:09:18.727 [Test worker] DEBUG o.f.core.internal.dbsupport.Table - Locking table "PUBLIC"."schema_version"...
10:09:18.727 [Test worker] DEBUG o.f.core.internal.dbsupport.Table - Lock acquired for table "PUBLIC"."schema_version"
10:09:18.727 [Test worker] INFO  o.f.core.internal.command.DbMigrate - Successfully applied 5 migrations to schema "PUBLIC" (execution time 00:00.021s).
10:09:18.730 [Test worker] DEBUG c.m.query.sql.dml.SQLInsertClause - insert into MEMORY_USAGE (CLIENT, SYS_DATETIME, ENVIRONMENT, HASH, FREE_HEAP) values (?, ?, ?, ?, ?)
10:09:18.734 [Test worker] DEBUG c.mysema.query.sql.AbstractSQLQuery - select max(MEMORY_USAGE.ID) from MEMORY_USAGE MEMORY_USAGE where MEMORY_USAGE.CLIENT = ? and MEMORY_USAGE.ENVIRONMENT = ? limit ?
10:09:18.737 [Test worker] INFO  o.f.c.i.dbsupport.DbSupportFactory - Database: jdbc:h2:mem:test (H2 1.4)
10:09:18.737 [Test worker] DEBUG org.flywaydb.core.Flyway - DDL Transactions Supported: false
10:09:18.738 [Test worker] DEBUG org.flywaydb.core.Flyway - Schema: PUBLIC
10:09:18.738 [Test worker] DEBUG o.f.c.i.u.s.c.ClassPathScanner - Scanning for classpath resources at 'db/migration/h2' (Prefix: '', Suffix: '.sql')
10:09:18.738 [Test worker] DEBUG o.f.c.i.u.s.c.ClassPathScanner - Scanning URL: file:/C:/Workspace/ergon.zebra/zebra-utils/monitoring/monitoring-data/build/resources/main/db/migration/h2
10:09:18.738 [Test worker] DEBUG o.f.c.internal.util.FeatureDetector - JBoss VFS v2 available: false
10:09:18.738 [Test worker] DEBUG o.f.c.i.u.s.c.FileSystemClassPathLocationScanner - Scanning starting at classpath root in filesystem: C:\Workspace\ergon.zebra\zebra-utils\monitoring\monitoring-data\build\resources\main\
10:09:18.738 [Test worker] DEBUG o.f.c.i.u.s.c.FileSystemClassPathLocationScanner - Scanning for resources in path: C:\Workspace\ergon.zebra\zebra-utils\monitoring\monitoring-data\build\resources\main\db\migration\h2 (db/migration/h2)
10:09:18.739 [Test worker] DEBUG o.f.c.i.u.s.c.ClassPathScanner - Found resource: db/migration/h2/V1__Create_profiling_table.sql
10:09:18.739 [Test worker] DEBUG o.f.c.i.u.s.c.ClassPathScanner - Found resource: db/migration/h2/V2__Create_cpu_table.sql
10:09:18.739 [Test worker] DEBUG o.f.c.i.u.s.c.ClassPathScanner - Found resource: db/migration/h2/V3__Create_memory_table.sql
10:09:18.739 [Test worker] DEBUG o.f.c.i.u.s.c.ClassPathScanner - Found resource: db/migration/h2/V4__Create_imported_file_table.sql
10:09:18.739 [Test worker] DEBUG o.f.c.i.u.s.c.ClassPathScanner - Found resource: db/migration/h2/V5__Create_events_table.sql
10:09:18.739 [Test worker] DEBUG o.f.c.internal.util.FeatureDetector - Spring Jdbc available: false
10:09:18.739 [Test worker] DEBUG o.f.core.internal.command.DbValidate - Validating migrations ...
10:09:18.739 [Test worker] DEBUG o.f.c.i.u.s.c.ClassPathScanner - Scanning for classpath resources at 'db/migration/h2' (Prefix: 'V', Suffix: '.sql')
10:09:18.739 [Test worker] DEBUG o.f.c.i.u.s.c.ClassPathScanner - Scanning URL: file:/C:/Workspace/ergon.zebra/zebra-utils/monitoring/monitoring-data/build/resources/main/db/migration/h2
10:09:18.739 [Test worker] DEBUG o.f.c.internal.util.FeatureDetector - JBoss VFS v2 available: false
10:09:18.739 [Test worker] DEBUG o.f.c.i.u.s.c.FileSystemClassPathLocationScanner - Scanning starting at classpath root in filesystem: C:\Workspace\ergon.zebra\zebra-utils\monitoring\monitoring-data\build\resources\main\
10:09:18.740 [Test worker] DEBUG o.f.c.i.u.s.c.FileSystemClassPathLocationScanner - Scanning for resources in path: C:\Workspace\ergon.zebra\zebra-utils\monitoring\monitoring-data\build\resources\main\db\migration\h2 (db/migration/h2)
10:09:18.740 [Test worker] DEBUG o.f.c.i.u.s.c.ClassPathScanner - Found resource: db/migration/h2/V1__Create_profiling_table.sql
10:09:18.740 [Test worker] DEBUG o.f.c.i.u.s.c.ClassPathScanner - Found resource: db/migration/h2/V2__Create_cpu_table.sql
10:09:18.740 [Test worker] DEBUG o.f.c.i.u.s.c.ClassPathScanner - Found resource: db/migration/h2/V3__Create_memory_table.sql
10:09:18.740 [Test worker] DEBUG o.f.c.i.u.s.c.ClassPathScanner - Found resource: db/migration/h2/V4__Create_imported_file_table.sql
10:09:18.740 [Test worker] DEBUG o.f.c.i.u.s.c.ClassPathScanner - Found resource: db/migration/h2/V5__Create_events_table.sql
10:09:18.742 [Test worker] DEBUG o.f.c.i.u.s.c.ClassPathScanner - Scanning for classes at 'db/migration/h2' (Implementing: 'org.flywaydb.core.api.migration.jdbc.JdbcMigration')
10:09:18.742 [Test worker] DEBUG o.f.c.i.u.s.c.ClassPathScanner - Scanning URL: file:/C:/Workspace/ergon.zebra/zebra-utils/monitoring/monitoring-data/build/resources/main/db/migration/h2
10:09:18.742 [Test worker] DEBUG o.f.c.internal.util.FeatureDetector - JBoss VFS v2 available: false
10:09:18.742 [Test worker] DEBUG o.f.c.i.u.s.c.FileSystemClassPathLocationScanner - Scanning starting at classpath root in filesystem: C:\Workspace\ergon.zebra\zebra-utils\monitoring\monitoring-data\build\resources\main\
10:09:18.742 [Test worker] DEBUG o.f.c.i.u.s.c.FileSystemClassPathLocationScanner - Scanning for resources in path: C:\Workspace\ergon.zebra\zebra-utils\monitoring\monitoring-data\build\resources\main\db\migration\h2 (db/migration/h2)
10:09:18.743 [Test worker] DEBUG o.f.c.i.u.s.c.ClassPathScanner - Filtering out resource: db/migration/h2/V1__Create_profiling_table.sql (filename: V1__Create_profiling_table.sql)
10:09:18.743 [Test worker] DEBUG o.f.c.i.u.s.c.ClassPathScanner - Filtering out resource: db/migration/h2/V2__Create_cpu_table.sql (filename: V2__Create_cpu_table.sql)
10:09:18.743 [Test worker] DEBUG o.f.c.i.u.s.c.ClassPathScanner - Filtering out resource: db/migration/h2/V3__Create_memory_table.sql (filename: V3__Create_memory_table.sql)
10:09:18.743 [Test worker] DEBUG o.f.c.i.u.s.c.ClassPathScanner - Filtering out resource: db/migration/h2/V4__Create_imported_file_table.sql (filename: V4__Create_imported_file_table.sql)
10:09:18.743 [Test worker] DEBUG o.f.c.i.u.s.c.ClassPathScanner - Filtering out resource: db/migration/h2/V5__Create_events_table.sql (filename: V5__Create_events_table.sql)
10:09:18.744 [Test worker] INFO  o.f.core.internal.command.DbValidate - Validated 5 migrations (execution time 00:00.004s)
10:09:18.744 [Test worker] DEBUG o.f.core.internal.command.DbSchemas - Schema "PUBLIC" already exists. Skipping schema creation.
10:09:18.745 [Test worker] INFO  o.f.c.i.m.MetaDataTableImpl - Creating Metadata table: "PUBLIC"."schema_version"
10:09:18.746 [Test worker] DEBUG o.f.c.internal.dbsupport.SqlScript - Found statement at line 17: CREATE TABLE "PUBLIC"."schema_version" (
    "version_rank" INT NOT NULL,
    "installed_rank" INT NOT NULL,
    "version" VARCHAR(50) NOT NULL,
    "description" VARCHAR(200) NOT NULL,
    "type" VARCHAR(20) NOT NULL,
    "script" VARCHAR(1000) NOT NULL,
    "checksum" INT,
    "installed_by" VARCHAR(100) NOT NULL,
    "installed_on" TIMESTAMP NOT NULL DEFAULT CURRENT_TIMESTAMP,
    "execution_time" INT NOT NULL,
    "success" BOOLEAN NOT NULL
)
10:09:18.746 [Test worker] DEBUG o.f.c.internal.dbsupport.SqlScript - Found statement at line 30: ALTER TABLE "PUBLIC"."schema_version" ADD CONSTRAINT "schema_version_pk" PRIMARY KEY ("version")
10:09:18.746 [Test worker] DEBUG o.f.c.internal.dbsupport.SqlScript - Found statement at line 32: CREATE INDEX "PUBLIC"."schema_version_vr_idx" ON "PUBLIC"."schema_version" ("version_rank")
10:09:18.746 [Test worker] DEBUG o.f.c.internal.dbsupport.SqlScript - Found statement at line 33: CREATE INDEX "PUBLIC"."schema_version_ir_idx" ON "PUBLIC"."schema_version" ("installed_rank")
10:09:18.746 [Test worker] DEBUG o.f.c.internal.dbsupport.SqlScript - Found statement at line 34: CREATE INDEX "PUBLIC"."schema_version_s_idx" ON "PUBLIC"."schema_version" ("success")
10:09:18.746 [Test worker] DEBUG o.f.c.internal.dbsupport.SqlScript - Executing SQL: CREATE TABLE "PUBLIC"."schema_version" (
    "version_rank" INT NOT NULL,
    "installed_rank" INT NOT NULL,
    "version" VARCHAR(50) NOT NULL,
    "description" VARCHAR(200) NOT NULL,
    "type" VARCHAR(20) NOT NULL,
    "script" VARCHAR(1000) NOT NULL,
    "checksum" INT,
    "installed_by" VARCHAR(100) NOT NULL,
    "installed_on" TIMESTAMP NOT NULL DEFAULT CURRENT_TIMESTAMP,
    "execution_time" INT NOT NULL,
    "success" BOOLEAN NOT NULL
)
10:09:18.747 [Test worker] DEBUG o.f.c.internal.dbsupport.SqlScript - Executing SQL: ALTER TABLE "PUBLIC"."schema_version" ADD CONSTRAINT "schema_version_pk" PRIMARY KEY ("version")
10:09:18.747 [Test worker] DEBUG o.f.c.internal.dbsupport.SqlScript - Executing SQL: CREATE INDEX "PUBLIC"."schema_version_vr_idx" ON "PUBLIC"."schema_version" ("version_rank")
10:09:18.747 [Test worker] DEBUG o.f.c.internal.dbsupport.SqlScript - Executing SQL: CREATE INDEX "PUBLIC"."schema_version_ir_idx" ON "PUBLIC"."schema_version" ("installed_rank")
10:09:18.747 [Test worker] DEBUG o.f.c.internal.dbsupport.SqlScript - Executing SQL: CREATE INDEX "PUBLIC"."schema_version_s_idx" ON "PUBLIC"."schema_version" ("success")
10:09:18.747 [Test worker] DEBUG o.f.c.i.m.MetaDataTableImpl - Metadata table "PUBLIC"."schema_version" created.
10:09:18.747 [Test worker] DEBUG o.f.core.internal.dbsupport.Table - Locking table "PUBLIC"."schema_version"...
10:09:18.748 [Test worker] DEBUG o.f.core.internal.dbsupport.Table - Lock acquired for table "PUBLIC"."schema_version"
10:09:18.748 [Test worker] INFO  o.f.core.internal.command.DbMigrate - Current version of schema "PUBLIC": << Empty Schema >>
10:09:18.748 [Test worker] INFO  o.f.core.internal.command.DbMigrate - Migrating schema "PUBLIC" to version 1 - Create profiling table
10:09:18.750 [Test worker] DEBUG o.f.c.internal.dbsupport.SqlScript - Found statement at line 1: CREATE TABLE PROFILING
  (
    ID                             BIGINT PRIMARY KEY AUTO_INCREMENT,
    CLIENT                         VARCHAR(255) NOT NULL,
    ENVIRONMENT                    VARCHAR(255) NOT NULL,
    USECASE_ID                     VARCHAR(255),
    SERVER_EXECUTION_TIME_MS       DECIMAL(65535,2),
    SERVER_WAIT_TIME_MS            DECIMAL(65535,2),
    SERVER_EXEC_NO_WAIT_TIME_MS    DECIMAL(65535,2),
    SERVER_OVERHEAD_TIME_MS        DECIMAL(65535,2),
    REQUEST_ID                     DECIMAL(65535,2),
    SESSION_ID                     VARCHAR(255),
    SESSION_AGE_IN_MINUTES         DECIMAL(65535,2),
    USER_AGENT                     VARCHAR(255),
    HOST                           VARCHAR(255),
    CLIENT_IP_ADDRESS              VARCHAR(255),
    USECASE_EXPECTS_NAV_TIME       TINYINT CHECK(USECASE_EXPECTS_NAV_TIME = 1 || USECASE_EXPECTS_NAV_TIME = 0),
    STATEMENTS_EXECUTED            DECIMAL(65535,2),
    TOTAL_EXECUTION_TIME_MS        DECIMAL(65535,2),
    TOTAL_FETCH_TIME_MS            DECIMAL(65535,2),
    TOTAL_DATABASE_TIME_MS         DECIMAL(65535,2),
    MANDANT                        VARCHAR(255),
    LOGIN_NAME                     VARCHAR(255),
    FOCUS_DATE                     DATE,
    FOCUS_DATE_MINUS_SYSTEMDATE    DECIMAL(65535,2),
    FOCUS_KST_NUMMER               VARCHAR(255),
    FOCUS_KST_NR_OF_MITARBEITER    DECIMAL(65535,2),
    NR_OF_ACC_KOSTENSTELLE_TODAY   DECIMAL(65535,2),
    LIMIT_PEE_NUMMER               VARCHAR(255),
    SYS_DATETIME                   TIMESTAMP,
    WEEKDAY                        VARCHAR(255),
    ZEITART_NUMMER                 VARCHAR(255),
    MIN_ACTION_DATE                DATE,
    MAX_ACTION_DATE                DATE,
    MIN_ACTION_DATE_MINUS_SYSDAYS  DECIMAL(65535,2),
    MAX_ACTION_DATE_MINUS_SYSDAYS  DECIMAL(65535,2),
    ACTION_DATE_INTEVAL_DAYS       DECIMAL(65535,2),
    BW_DAUER_MS                    DECIMAL(65535,2),
    BW_MODE                        VARCHAR(255),
    PLANUNGEN_GENERIEREN_TAGE      DECIMAL(65535,2),
    PLANUNGEN_GENERIEREN_DAUER_MS  DECIMAL(65535,2),
    SOLL_GLEICH_IST_TAGE           DECIMAL(65535,2),
    SOLL_GLEICH_IST_DAUER_MS       DECIMAL(65535,2),
    BUCHUNGSLAUF_TAGE              DECIMAL(65535,2),
    BUCHUNGSLAUF_DAUER_MS          DECIMAL(65535,2),
    KONTOLAUF_TAGE                 DECIMAL(65535,2),
    KONTOLAUF_DAUER_MS             DECIMAL(65535,2),
    KONTOLAUF_ITERATIONEN          DECIMAL(65535,2),
    PLANUNGEN_NEURECHNEN_TAGE      DECIMAL(65535,2),
    PLANUNGEN_NEURECHNEN_DAUER_MS  DECIMAL(65535,2),
    FORCE_PLANUNG_NEURECHNEN       TINYINT CHECK(FORCE_PLANUNG_NEURECHNEN = 1 || FORCE_PLANUNG_NEURECHNEN = 0),
    ZEITART_REGEL_ENFORCM_ANZAHL   DECIMAL(65535,2),
    ZEITART_REGEL_ENFORCM_DAUER_MS DECIMAL(65535,2),
    WOCHE_NEU_RECHNEN_ANZAHL       DECIMAL(65535,2),
    WOCHE_NEU_RECHNEN_DAUER_MS     DECIMAL(65535,2),
    SYSTEM_CPU_LOAD                DECIMAL(65535,2),
    PROCESS_CPU_LOAD               DECIMAL(65535,2),
    SYSTEM_LOAD_AVERAGE            DECIMAL(65535,2),
    ZEBRA_VERSION                  VARCHAR(255),
    JAVA_VERSION                   VARCHAR(255),
    PAGE_LOADS_PER_SECOND          DECIMAL(65535,2),
    ACTIVE_SESSIONS_1              DECIMAL(65535,2),
    ACTIVE_SESSIONS_5              DECIMAL(65535,2),
    REAL_SERVER_TIME               TINYINT CHECK(REAL_SERVER_TIME = 1 || REAL_SERVER_TIME = 0),
    NAVIGATION_TIME_RECEIVED       TINYINT CHECK(NAVIGATION_TIME_RECEIVED = 1 || NAVIGATION_TIME_RECEIVED = 0),
    NAVIGATION_START               DECIMAL(65535,2),
    UNLOAD_EVENT_START             DECIMAL(65535,2),
    UNLOAD_EVENT_END               DECIMAL(65535,2),
    UNLOAD_EVENT_DURATION          DECIMAL(65535,2),
    REDIRECT_START                 DECIMAL(65535,2),
    REDIRECT_END                   DECIMAL(65535,2),
    REDIRECT_DURATION              DECIMAL(65535,2),
    FETCH_START                    DECIMAL(65535,2),
    DOMAIN_LOOKUP_START            DECIMAL(65535,2),
    DOMAIN_LOOKUP_END              DECIMAL(65535,2),
    DOMAIN_LOOKUP_DURATION         DECIMAL(65535,2),
    CONNECT_START                  DECIMAL(65535,2),
    CONNECT_END                    DECIMAL(65535,2),
    CONNECT_DURATION               DECIMAL(65535,2),
    REQUEST_START                  DECIMAL(65535,2),
    RESPONSE_START                 DECIMAL(65535,2),
    RESPONSE_END                   DECIMAL(65535,2),
    RESPONSE_DURATION              DECIMAL(65535,2),
    REQUEST_TO_RESPONSE_DURATION   DECIMAL(65535,2),
    DOM_LOADING                    DECIMAL(65535,2),
    DOM_INTERACTIVE                DECIMAL(65535,2),
    DOM_CONTENT_LOADED_EVENT_START DECIMAL(65535,2),
    DOM_CONTENT_LOADED_EVENT_END   DECIMAL(65535,2),
    DOM_CONTENT_LOADED_EVENT       DECIMAL(65535,2),
    DOM_COMPLETE_DURATION          DECIMAL(65535,2),
    LOAD_EVENT_START               DECIMAL(65535,2),
    LOAD_EVENT_END                 DECIMAL(65535,2),
    LOAD_EVENT_DURATION            DECIMAL(65535,2),
    LATENCY_DURATION               DECIMAL(65535,2),
    PAGE_LOAD_DURATION             DECIMAL(65535,2),
    TOTAL_TIME_DURATION            DECIMAL(65535,2),
    MS_FIRST_PAINT                 DECIMAL(65535,2),
    MS_FIRST_PAINT_NAVSTARTDUR_MS  DECIMAL(65535,2),
    MS_FIRST_PAINT_LOAD_ENDDUR_MS  DECIMAL(65535,2),
    TYPE_NAME                      VARCHAR(255),
    REDIRECT_COUNT                 DECIMAL(65535,2),
    HASH 						   CHAR(64)
  )
10:09:18.750 [Test worker] DEBUG o.f.c.internal.dbsupport.SqlScript - Executing SQL: CREATE TABLE PROFILING
  (
    ID                             BIGINT PRIMARY KEY AUTO_INCREMENT,
    CLIENT                         VARCHAR(255) NOT NULL,
    ENVIRONMENT                    VARCHAR(255) NOT NULL,
    USECASE_ID                     VARCHAR(255),
    SERVER_EXECUTION_TIME_MS       DECIMAL(65535,2),
    SERVER_WAIT_TIME_MS            DECIMAL(65535,2),
    SERVER_EXEC_NO_WAIT_TIME_MS    DECIMAL(65535,2),
    SERVER_OVERHEAD_TIME_MS        DECIMAL(65535,2),
    REQUEST_ID                     DECIMAL(65535,2),
    SESSION_ID                     VARCHAR(255),
    SESSION_AGE_IN_MINUTES         DECIMAL(65535,2),
    USER_AGENT                     VARCHAR(255),
    HOST                           VARCHAR(255),
    CLIENT_IP_ADDRESS              VARCHAR(255),
    USECASE_EXPECTS_NAV_TIME       TINYINT CHECK(USECASE_EXPECTS_NAV_TIME = 1 || USECASE_EXPECTS_NAV_TIME = 0),
    STATEMENTS_EXECUTED            DECIMAL(65535,2),
    TOTAL_EXECUTION_TIME_MS        DECIMAL(65535,2),
    TOTAL_FETCH_TIME_MS            DECIMAL(65535,2),
    TOTAL_DATABASE_TIME_MS         DECIMAL(65535,2),
    MANDANT                        VARCHAR(255),
    LOGIN_NAME                     VARCHAR(255),
    FOCUS_DATE                     DATE,
    FOCUS_DATE_MINUS_SYSTEMDATE    DECIMAL(65535,2),
    FOCUS_KST_NUMMER               VARCHAR(255),
    FOCUS_KST_NR_OF_MITARBEITER    DECIMAL(65535,2),
    NR_OF_ACC_KOSTENSTELLE_TODAY   DECIMAL(65535,2),
    LIMIT_PEE_NUMMER               VARCHAR(255),
    SYS_DATETIME                   TIMESTAMP,
    WEEKDAY                        VARCHAR(255),
    ZEITART_NUMMER                 VARCHAR(255),
    MIN_ACTION_DATE                DATE,
    MAX_ACTION_DATE                DATE,
    MIN_ACTION_DATE_MINUS_SYSDAYS  DECIMAL(65535,2),
    MAX_ACTION_DATE_MINUS_SYSDAYS  DECIMAL(65535,2),
    ACTION_DATE_INTEVAL_DAYS       DECIMAL(65535,2),
    BW_DAUER_MS                    DECIMAL(65535,2),
    BW_MODE                        VARCHAR(255),
    PLANUNGEN_GENERIEREN_TAGE      DECIMAL(65535,2),
    PLANUNGEN_GENERIEREN_DAUER_MS  DECIMAL(65535,2),
    SOLL_GLEICH_IST_TAGE           DECIMAL(65535,2),
    SOLL_GLEICH_IST_DAUER_MS       DECIMAL(65535,2),
    BUCHUNGSLAUF_TAGE              DECIMAL(65535,2),
    BUCHUNGSLAUF_DAUER_MS          DECIMAL(65535,2),
    KONTOLAUF_TAGE                 DECIMAL(65535,2),
    KONTOLAUF_DAUER_MS             DECIMAL(65535,2),
    KONTOLAUF_ITERATIONEN          DECIMAL(65535,2),
    PLANUNGEN_NEURECHNEN_TAGE      DECIMAL(65535,2),
    PLANUNGEN_NEURECHNEN_DAUER_MS  DECIMAL(65535,2),
    FORCE_PLANUNG_NEURECHNEN       TINYINT CHECK(FORCE_PLANUNG_NEURECHNEN = 1 || FORCE_PLANUNG_NEURECHNEN = 0),
    ZEITART_REGEL_ENFORCM_ANZAHL   DECIMAL(65535,2),
    ZEITART_REGEL_ENFORCM_DAUER_MS DECIMAL(65535,2),
    WOCHE_NEU_RECHNEN_ANZAHL       DECIMAL(65535,2),
    WOCHE_NEU_RECHNEN_DAUER_MS     DECIMAL(65535,2),
    SYSTEM_CPU_LOAD                DECIMAL(65535,2),
    PROCESS_CPU_LOAD               DECIMAL(65535,2),
    SYSTEM_LOAD_AVERAGE            DECIMAL(65535,2),
    ZEBRA_VERSION                  VARCHAR(255),
    JAVA_VERSION                   VARCHAR(255),
    PAGE_LOADS_PER_SECOND          DECIMAL(65535,2),
    ACTIVE_SESSIONS_1              DECIMAL(65535,2),
    ACTIVE_SESSIONS_5              DECIMAL(65535,2),
    REAL_SERVER_TIME               TINYINT CHECK(REAL_SERVER_TIME = 1 || REAL_SERVER_TIME = 0),
    NAVIGATION_TIME_RECEIVED       TINYINT CHECK(NAVIGATION_TIME_RECEIVED = 1 || NAVIGATION_TIME_RECEIVED = 0),
    NAVIGATION_START               DECIMAL(65535,2),
    UNLOAD_EVENT_START             DECIMAL(65535,2),
    UNLOAD_EVENT_END               DECIMAL(65535,2),
    UNLOAD_EVENT_DURATION          DECIMAL(65535,2),
    REDIRECT_START                 DECIMAL(65535,2),
    REDIRECT_END                   DECIMAL(65535,2),
    REDIRECT_DURATION              DECIMAL(65535,2),
    FETCH_START                    DECIMAL(65535,2),
    DOMAIN_LOOKUP_START            DECIMAL(65535,2),
    DOMAIN_LOOKUP_END              DECIMAL(65535,2),
    DOMAIN_LOOKUP_DURATION         DECIMAL(65535,2),
    CONNECT_START                  DECIMAL(65535,2),
    CONNECT_END                    DECIMAL(65535,2),
    CONNECT_DURATION               DECIMAL(65535,2),
    REQUEST_START                  DECIMAL(65535,2),
    RESPONSE_START                 DECIMAL(65535,2),
    RESPONSE_END                   DECIMAL(65535,2),
    RESPONSE_DURATION              DECIMAL(65535,2),
    REQUEST_TO_RESPONSE_DURATION   DECIMAL(65535,2),
    DOM_LOADING                    DECIMAL(65535,2),
    DOM_INTERACTIVE                DECIMAL(65535,2),
    DOM_CONTENT_LOADED_EVENT_START DECIMAL(65535,2),
    DOM_CONTENT_LOADED_EVENT_END   DECIMAL(65535,2),
    DOM_CONTENT_LOADED_EVENT       DECIMAL(65535,2),
    DOM_COMPLETE_DURATION          DECIMAL(65535,2),
    LOAD_EVENT_START               DECIMAL(65535,2),
    LOAD_EVENT_END                 DECIMAL(65535,2),
    LOAD_EVENT_DURATION            DECIMAL(65535,2),
    LATENCY_DURATION               DECIMAL(65535,2),
    PAGE_LOAD_DURATION             DECIMAL(65535,2),
    TOTAL_TIME_DURATION            DECIMAL(65535,2),
    MS_FIRST_PAINT                 DECIMAL(65535,2),
    MS_FIRST_PAINT_NAVSTARTDUR_MS  DECIMAL(65535,2),
    MS_FIRST_PAINT_LOAD_ENDDUR_MS  DECIMAL(65535,2),
    TYPE_NAME                      VARCHAR(255),
    REDIRECT_COUNT                 DECIMAL(65535,2),
    HASH 						   CHAR(64)
  )
10:09:18.751 [Test worker] DEBUG o.f.core.internal.command.DbMigrate - Successfully completed and committed migration of schema "PUBLIC" to version 1
10:09:18.752 [Test worker] DEBUG o.f.c.i.m.MetaDataTableImpl - MetaData table "PUBLIC"."schema_version" successfully updated to reflect changes
10:09:18.753 [Test worker] DEBUG o.f.core.internal.dbsupport.Table - Locking table "PUBLIC"."schema_version"...
10:09:18.753 [Test worker] DEBUG o.f.core.internal.dbsupport.Table - Lock acquired for table "PUBLIC"."schema_version"
[...]
10:09:18.839 [Test worker] INFO  o.f.core.internal.command.DbMigrate - Current version of schema "PUBLIC": << Empty Schema >>
10:09:18.840 [Test worker] INFO  o.f.core.internal.command.DbMigrate - Migrating schema "PUBLIC" to version 1 - Create profiling table
10:09:18.841 [Test worker] DEBUG o.f.c.internal.dbsupport.SqlScript - Found statement at line 1: CREATE TABLE PROFILING
  (
    ID                             BIGINT PRIMARY KEY AUTO_INCREMENT,
    CLIENT                         VARCHAR(255) NOT NULL,
    ENVIRONMENT                    VARCHAR(255) NOT NULL,
    USECASE_ID                     VARCHAR(255),
    SERVER_EXECUTION_TIME_MS       DECIMAL(65535,2),
    SERVER_WAIT_TIME_MS            DECIMAL(65535,2),
    SERVER_EXEC_NO_WAIT_TIME_MS    DECIMAL(65535,2),
    SERVER_OVERHEAD_TIME_MS        DECIMAL(65535,2),
    REQUEST_ID                     DECIMAL(65535,2),
    SESSION_ID                     VARCHAR(255),
    SESSION_AGE_IN_MINUTES         DECIMAL(65535,2),
    USER_AGENT                     VARCHAR(255),
    HOST                           VARCHAR(255),
    CLIENT_IP_ADDRESS              VARCHAR(255),
    USECASE_EXPECTS_NAV_TIME       TINYINT CHECK(USECASE_EXPECTS_NAV_TIME = 1 || USECASE_EXPECTS_NAV_TIME = 0),
    STATEMENTS_EXECUTED            DECIMAL(65535,2),
    TOTAL_EXECUTION_TIME_MS        DECIMAL(65535,2),
    TOTAL_FETCH_TIME_MS            DECIMAL(65535,2),
    TOTAL_DATABASE_TIME_MS         DECIMAL(65535,2),
    MANDANT                        VARCHAR(255),
    LOGIN_NAME                     VARCHAR(255),
    FOCUS_DATE                     DATE,
    FOCUS_DATE_MINUS_SYSTEMDATE    DECIMAL(65535,2),
    FOCUS_KST_NUMMER               VARCHAR(255),
    FOCUS_KST_NR_OF_MITARBEITER    DECIMAL(65535,2),
    NR_OF_ACC_KOSTENSTELLE_TODAY   DECIMAL(65535,2),
    LIMIT_PEE_NUMMER               VARCHAR(255),
    SYS_DATETIME                   TIMESTAMP,
    WEEKDAY                        VARCHAR(255),
    ZEITART_NUMMER                 VARCHAR(255),
    MIN_ACTION_DATE                DATE,
    MAX_ACTION_DATE                DATE,
    MIN_ACTION_DATE_MINUS_SYSDAYS  DECIMAL(65535,2),
    MAX_ACTION_DATE_MINUS_SYSDAYS  DECIMAL(65535,2),
    ACTION_DATE_INTEVAL_DAYS       DECIMAL(65535,2),
    BW_DAUER_MS                    DECIMAL(65535,2),
    BW_MODE                        VARCHAR(255),
    PLANUNGEN_GENERIEREN_TAGE      DECIMAL(65535,2),
    PLANUNGEN_GENERIEREN_DAUER_MS  DECIMAL(65535,2),
    SOLL_GLEICH_IST_TAGE           DECIMAL(65535,2),
    SOLL_GLEICH_IST_DAUER_MS       DECIMAL(65535,2),
    BUCHUNGSLAUF_TAGE              DECIMAL(65535,2),
    BUCHUNGSLAUF_DAUER_MS          DECIMAL(65535,2),
    KONTOLAUF_TAGE                 DECIMAL(65535,2),
    KONTOLAUF_DAUER_MS             DECIMAL(65535,2),
    KONTOLAUF_ITERATIONEN          DECIMAL(65535,2),
    PLANUNGEN_NEURECHNEN_TAGE      DECIMAL(65535,2),
    PLANUNGEN_NEURECHNEN_DAUER_MS  DECIMAL(65535,2),
    FORCE_PLANUNG_NEURECHNEN       TINYINT CHECK(FORCE_PLANUNG_NEURECHNEN = 1 || FORCE_PLANUNG_NEURECHNEN = 0),
    ZEITART_REGEL_ENFORCM_ANZAHL   DECIMAL(65535,2),
    ZEITART_REGEL_ENFORCM_DAUER_MS DECIMAL(65535,2),
    WOCHE_NEU_RECHNEN_ANZAHL       DECIMAL(65535,2),
    WOCHE_NEU_RECHNEN_DAUER_MS     DECIMAL(65535,2),
    SYSTEM_CPU_LOAD                DECIMAL(65535,2),
    PROCESS_CPU_LOAD               DECIMAL(65535,2),
    SYSTEM_LOAD_AVERAGE            DECIMAL(65535,2),
    ZEBRA_VERSION                  VARCHAR(255),
    JAVA_VERSION                   VARCHAR(255),
    PAGE_LOADS_PER_SECOND          DECIMAL(65535,2),
    ACTIVE_SESSIONS_1              DECIMAL(65535,2),
    ACTIVE_SESSIONS_5              DECIMAL(65535,2),
    REAL_SERVER_TIME               TINYINT CHECK(REAL_SERVER_TIME = 1 || REAL_SERVER_TIME = 0),
    NAVIGATION_TIME_RECEIVED       TINYINT CHECK(NAVIGATION_TIME_RECEIVED = 1 || NAVIGATION_TIME_RECEIVED = 0),
    NAVIGATION_START               DECIMAL(65535,2),
    UNLOAD_EVENT_START             DECIMAL(65535,2),
    UNLOAD_EVENT_END               DECIMAL(65535,2),
    UNLOAD_EVENT_DURATION          DECIMAL(65535,2),
    REDIRECT_START                 DECIMAL(65535,2),
    REDIRECT_END                   DECIMAL(65535,2),
    REDIRECT_DURATION              DECIMAL(65535,2),
    FETCH_START                    DECIMAL(65535,2),
    DOMAIN_LOOKUP_START            DECIMAL(65535,2),
    DOMAIN_LOOKUP_END              DECIMAL(65535,2),
    DOMAIN_LOOKUP_DURATION         DECIMAL(65535,2),
    CONNECT_START                  DECIMAL(65535,2),
    CONNECT_END                    DECIMAL(65535,2),
    CONNECT_DURATION               DECIMAL(65535,2),
    REQUEST_START                  DECIMAL(65535,2),
    RESPONSE_START                 DECIMAL(65535,2),
    RESPONSE_END                   DECIMAL(65535,2),
    RESPONSE_DURATION              DECIMAL(65535,2),
    REQUEST_TO_RESPONSE_DURATION   DECIMAL(65535,2),
    DOM_LOADING                    DECIMAL(65535,2),
    DOM_INTERACTIVE                DECIMAL(65535,2),
    DOM_CONTENT_LOADED_EVENT_START DECIMAL(65535,2),
    DOM_CONTENT_LOADED_EVENT_END   DECIMAL(65535,2),
    DOM_CONTENT_LOADED_EVENT       DECIMAL(65535,2),
    DOM_COMPLETE_DURATION          DECIMAL(65535,2),
    LOAD_EVENT_START               DECIMAL(65535,2),
    LOAD_EVENT_END                 DECIMAL(65535,2),
    LOAD_EVENT_DURATION            DECIMAL(65535,2),
    LATENCY_DURATION               DECIMAL(65535,2),
    PAGE_LOAD_DURATION             DECIMAL(65535,2),
    TOTAL_TIME_DURATION            DECIMAL(65535,2),
    MS_FIRST_PAINT                 DECIMAL(65535,2),
    MS_FIRST_PAINT_NAVSTARTDUR_MS  DECIMAL(65535,2),
    MS_FIRST_PAINT_LOAD_ENDDUR_MS  DECIMAL(65535,2),
    TYPE_NAME                      VARCHAR(255),
    REDIRECT_COUNT                 DECIMAL(65535,2),
    HASH 						   CHAR(64)
  )
10:09:18.841 [Test worker] DEBUG o.f.c.internal.dbsupport.SqlScript - Executing SQL: CREATE TABLE PROFILING
  (
    ID                             BIGINT PRIMARY KEY AUTO_INCREMENT,
    CLIENT                         VARCHAR(255) NOT NULL,
    ENVIRONMENT                    VARCHAR(255) NOT NULL,
    USECASE_ID                     VARCHAR(255),
    SERVER_EXECUTION_TIME_MS       DECIMAL(65535,2),
    SERVER_WAIT_TIME_MS            DECIMAL(65535,2),
    SERVER_EXEC_NO_WAIT_TIME_MS    DECIMAL(65535,2),
    SERVER_OVERHEAD_TIME_MS        DECIMAL(65535,2),
    REQUEST_ID                     DECIMAL(65535,2),
    SESSION_ID                     VARCHAR(255),
    SESSION_AGE_IN_MINUTES         DECIMAL(65535,2),
    USER_AGENT                     VARCHAR(255),
    HOST                           VARCHAR(255),
    CLIENT_IP_ADDRESS              VARCHAR(255),
    USECASE_EXPECTS_NAV_TIME       TINYINT CHECK(USECASE_EXPECTS_NAV_TIME = 1 || USECASE_EXPECTS_NAV_TIME = 0),
    STATEMENTS_EXECUTED            DECIMAL(65535,2),
    TOTAL_EXECUTION_TIME_MS        DECIMAL(65535,2),
    TOTAL_FETCH_TIME_MS            DECIMAL(65535,2),
    TOTAL_DATABASE_TIME_MS         DECIMAL(65535,2),
    MANDANT                        VARCHAR(255),
    LOGIN_NAME                     VARCHAR(255),
    FOCUS_DATE                     DATE,
    FOCUS_DATE_MINUS_SYSTEMDATE    DECIMAL(65535,2),
    FOCUS_KST_NUMMER               VARCHAR(255),
    FOCUS_KST_NR_OF_MITARBEITER    DECIMAL(65535,2),
    NR_OF_ACC_KOSTENSTELLE_TODAY   DECIMAL(65535,2),
    LIMIT_PEE_NUMMER               VARCHAR(255),
    SYS_DATETIME                   TIMESTAMP,
    WEEKDAY                        VARCHAR(255),
    ZEITART_NUMMER                 VARCHAR(255),
    MIN_ACTION_DATE                DATE,
    MAX_ACTION_DATE                DATE,
    MIN_ACTION_DATE_MINUS_SYSDAYS  DECIMAL(65535,2),
    MAX_ACTION_DATE_MINUS_SYSDAYS  DECIMAL(65535,2),
    ACTION_DATE_INTEVAL_DAYS       DECIMAL(65535,2),
    BW_DAUER_MS                    DECIMAL(65535,2),
    BW_MODE                        VARCHAR(255),
    PLANUNGEN_GENERIEREN_TAGE      DECIMAL(65535,2),
    PLANUNGEN_GENERIEREN_DAUER_MS  DECIMAL(65535,2),
    SOLL_GLEICH_IST_TAGE           DECIMAL(65535,2),
    SOLL_GLEICH_IST_DAUER_MS       DECIMAL(65535,2),
    BUCHUNGSLAUF_TAGE              DECIMAL(65535,2),
    BUCHUNGSLAUF_DAUER_MS          DECIMAL(65535,2),
    KONTOLAUF_TAGE                 DECIMAL(65535,2),
    KONTOLAUF_DAUER_MS             DECIMAL(65535,2),
    KONTOLAUF_ITERATIONEN          DECIMAL(65535,2),
    PLANUNGEN_NEURECHNEN_TAGE      DECIMAL(65535,2),
    PLANUNGEN_NEURECHNEN_DAUER_MS  DECIMAL(65535,2),
    FORCE_PLANUNG_NEURECHNEN       TINYINT CHECK(FORCE_PLANUNG_NEURECHNEN = 1 || FORCE_PLANUNG_NEURECHNEN = 0),
    ZEITART_REGEL_ENFORCM_ANZAHL   DECIMAL(65535,2),
    ZEITART_REGEL_ENFORCM_DAUER_MS DECIMAL(65535,2),
    WOCHE_NEU_RECHNEN_ANZAHL       DECIMAL(65535,2),
    WOCHE_NEU_RECHNEN_DAUER_MS     DECIMAL(65535,2),
    SYSTEM_CPU_LOAD                DECIMAL(65535,2),
    PROCESS_CPU_LOAD               DECIMAL(65535,2),
    SYSTEM_LOAD_AVERAGE            DECIMAL(65535,2),
    ZEBRA_VERSION                  VARCHAR(255),
    JAVA_VERSION                   VARCHAR(255),
    PAGE_LOADS_PER_SECOND          DECIMAL(65535,2),
    ACTIVE_SESSIONS_1              DECIMAL(65535,2),
    ACTIVE_SESSIONS_5              DECIMAL(65535,2),
    REAL_SERVER_TIME               TINYINT CHECK(REAL_SERVER_TIME = 1 || REAL_SERVER_TIME = 0),
    NAVIGATION_TIME_RECEIVED       TINYINT CHECK(NAVIGATION_TIME_RECEIVED = 1 || NAVIGATION_TIME_RECEIVED = 0),
    NAVIGATION_START               DECIMAL(65535,2),
    UNLOAD_EVENT_START             DECIMAL(65535,2),
    UNLOAD_EVENT_END               DECIMAL(65535,2),
    UNLOAD_EVENT_DURATION          DECIMAL(65535,2),
    REDIRECT_START                 DECIMAL(65535,2),
    REDIRECT_END                   DECIMAL(65535,2),
    REDIRECT_DURATION              DECIMAL(65535,2),
    FETCH_START                    DECIMAL(65535,2),
    DOMAIN_LOOKUP_START            DECIMAL(65535,2),
    DOMAIN_LOOKUP_END              DECIMAL(65535,2),
    DOMAIN_LOOKUP_DURATION         DECIMAL(65535,2),
    CONNECT_START                  DECIMAL(65535,2),
    CONNECT_END                    DECIMAL(65535,2),
    CONNECT_DURATION               DECIMAL(65535,2),
    REQUEST_START                  DECIMAL(65535,2),
    RESPONSE_START                 DECIMAL(65535,2),
    RESPONSE_END                   DECIMAL(65535,2),
    RESPONSE_DURATION              DECIMAL(65535,2),
    REQUEST_TO_RESPONSE_DURATION   DECIMAL(65535,2),
    DOM_LOADING                    DECIMAL(65535,2),
    DOM_INTERACTIVE                DECIMAL(65535,2),
    DOM_CONTENT_LOADED_EVENT_START DECIMAL(65535,2),
    DOM_CONTENT_LOADED_EVENT_END   DECIMAL(65535,2),
    DOM_CONTENT_LOADED_EVENT       DECIMAL(65535,2),
    DOM_COMPLETE_DURATION          DECIMAL(65535,2),
    LOAD_EVENT_START               DECIMAL(65535,2),
    LOAD_EVENT_END                 DECIMAL(65535,2),
    LOAD_EVENT_DURATION            DECIMAL(65535,2),
    LATENCY_DURATION               DECIMAL(65535,2),
    PAGE_LOAD_DURATION             DECIMAL(65535,2),
    TOTAL_TIME_DURATION            DECIMAL(65535,2),
    MS_FIRST_PAINT                 DECIMAL(65535,2),
    MS_FIRST_PAINT_NAVSTARTDUR_MS  DECIMAL(65535,2),
    MS_FIRST_PAINT_LOAD_ENDDUR_MS  DECIMAL(65535,2),
    TYPE_NAME                      VARCHAR(255),
    REDIRECT_COUNT                 DECIMAL(65535,2),
    HASH 						   CHAR(64)
  )
10:09:18.843 [Test worker] DEBUG o.f.core.internal.command.DbMigrate - Successfully completed and committed migration of schema "PUBLIC" to version 1
10:09:18.844 [Test worker] DEBUG o.f.c.i.m.MetaDataTableImpl - MetaData table "PUBLIC"."schema_version" successfully updated to reflect changes
10:09:18.844 [Test worker] DEBUG o.f.core.internal.dbsupport.Table - Locking table "PUBLIC"."schema_version"...
10:09:18.844 [Test worker] DEBUG o.f.core.internal.dbsupport.Table - Lock acquired for table "PUBLIC"."schema_version"
10:09:18.845 [Test worker] INFO  o.f.core.internal.command.DbMigrate - Migrating schema "PUBLIC" to version 2 - Create cpu table
10:09:18.845 [Test worker] DEBUG o.f.c.internal.dbsupport.SqlScript - Found statement at line 1: CREATE TABLE CPU_USAGE
  (
    ID              BIGINT PRIMARY KEY AUTO_INCREMENT,
    CLIENT          VARCHAR(255) NOT NULL,
    ENVIRONMENT     VARCHAR(255) NOT NULL,
    SYS_DATETIME    TIMESTAMP,
    CPU_USAGE       DECIMAL(65535,2),
    HASH 			CHAR(64)
  )
10:09:18.845 [Test worker] DEBUG o.f.c.internal.dbsupport.SqlScript - Executing SQL: CREATE TABLE CPU_USAGE
  (
    ID              BIGINT PRIMARY KEY AUTO_INCREMENT,
    CLIENT          VARCHAR(255) NOT NULL,
    ENVIRONMENT     VARCHAR(255) NOT NULL,
    SYS_DATETIME    TIMESTAMP,
    CPU_USAGE       DECIMAL(65535,2),
    HASH 			CHAR(64)
  )
10:09:18.846 [Test worker] DEBUG o.f.core.internal.command.DbMigrate - Successfully completed and committed migration of schema "PUBLIC" to version 2
10:09:18.847 [Test worker] DEBUG o.f.c.i.m.MetaDataTableImpl - MetaData table "PUBLIC"."schema_version" successfully updated to reflect changes
10:09:18.847 [Test worker] DEBUG o.f.core.internal.dbsupport.Table - Locking table "PUBLIC"."schema_version"...
10:09:18.847 [Test worker] DEBUG o.f.core.internal.dbsupport.Table - Lock acquired for table "PUBLIC"."schema_version"
10:09:18.847 [Test worker] INFO  o.f.core.internal.command.DbMigrate - Migrating schema "PUBLIC" to version 3 - Create memory table
10:09:18.848 [Test worker] DEBUG o.f.c.internal.dbsupport.SqlScript - Found statement at line 1: CREATE TABLE MEMORY_USAGE
  (
    ID              BIGINT PRIMARY KEY AUTO_INCREMENT,
    CLIENT          VARCHAR(255) NOT NULL,
    ENVIRONMENT     VARCHAR(255) NOT NULL,
    SYS_DATETIME    TIMESTAMP,
    TOTAL_HEAP 		DECIMAL(65535,2),
	FREE_HEAP		DECIMAL(65535,2),
	HASH 			CHAR(64)
  )
10:09:18.848 [Test worker] DEBUG o.f.c.internal.dbsupport.SqlScript - Executing SQL: CREATE TABLE MEMORY_USAGE
  (
    ID              BIGINT PRIMARY KEY AUTO_INCREMENT,
    CLIENT          VARCHAR(255) NOT NULL,
    ENVIRONMENT     VARCHAR(255) NOT NULL,
    SYS_DATETIME    TIMESTAMP,
    TOTAL_HEAP 		DECIMAL(65535,2),
	FREE_HEAP		DECIMAL(65535,2),
	HASH 			CHAR(64)
  )
10:09:18.848 [Test worker] DEBUG o.f.core.internal.command.DbMigrate - Successfully completed and committed migration of schema "PUBLIC" to version 3
10:09:18.849 [Test worker] DEBUG o.f.c.i.m.MetaDataTableImpl - MetaData table "PUBLIC"."schema_version" successfully updated to reflect changes
10:09:18.849 [Test worker] DEBUG o.f.core.internal.dbsupport.Table - Locking table "PUBLIC"."schema_version"...
10:09:18.850 [Test worker] DEBUG o.f.core.internal.dbsupport.Table - Lock acquired for table "PUBLIC"."schema_version"
10:09:18.850 [Test worker] INFO  o.f.core.internal.command.DbMigrate - Migrating schema "PUBLIC" to version 4 - Create imported file table
10:09:18.851 [Test worker] DEBUG o.f.c.internal.dbsupport.SqlScript - Found statement at line 1: CREATE TABLE IMPORTED_FILE
  (
    ID              BIGINT PRIMARY KEY AUTO_INCREMENT,
    CLIENT          VARCHAR(255) NOT NULL,
    ENVIRONMENT     VARCHAR(255) NOT NULL,
    STATUS          VARCHAR(255),
    IMPORT_DATETIME TIMESTAMP,
    FILENAME        VARCHAR(255) NOT NULL,
    STACKTRACE		CLOB,
    CONSTRAINT UNIQUE_FILE UNIQUE (CLIENT, ENVIRONMENT, FILENAME)
  )
10:09:18.851 [Test worker] DEBUG o.f.c.internal.dbsupport.SqlScript - Executing SQL: CREATE TABLE IMPORTED_FILE
  (
    ID              BIGINT PRIMARY KEY AUTO_INCREMENT,
    CLIENT          VARCHAR(255) NOT NULL,
    ENVIRONMENT     VARCHAR(255) NOT NULL,
    STATUS          VARCHAR(255),
    IMPORT_DATETIME TIMESTAMP,
    FILENAME        VARCHAR(255) NOT NULL,
    STACKTRACE		CLOB,
    CONSTRAINT UNIQUE_FILE UNIQUE (CLIENT, ENVIRONMENT, FILENAME)
  )
10:09:18.851 [Test worker] DEBUG o.f.core.internal.command.DbMigrate - Successfully completed and committed migration of schema "PUBLIC" to version 4
10:09:18.852 [Test worker] DEBUG o.f.c.i.m.MetaDataTableImpl - MetaData table "PUBLIC"."schema_version" successfully updated to reflect changes
10:09:18.852 [Test worker] DEBUG o.f.core.internal.dbsupport.Table - Locking table "PUBLIC"."schema_version"...
10:09:18.852 [Test worker] DEBUG o.f.core.internal.dbsupport.Table - Lock acquired for table "PUBLIC"."schema_version"
10:09:18.853 [Test worker] INFO  o.f.core.internal.command.DbMigrate - Migrating schema "PUBLIC" to version 5 - Create events table
10:09:18.853 [Test worker] DEBUG o.f.c.internal.dbsupport.SqlScript - Found statement at line 1: CREATE TABLE EVENTS 
  (
    ID              BIGINT PRIMARY KEY AUTO_INCREMENT,
    CLIENT          VARCHAR2(255) NOT NULL,
    ENVIRONMENT     VARCHAR2(255) NOT NULL,
    DATUM           DATE, 
    "TYPE"          VARCHAR2(255), 
    BESCHREIBUNG    VARCHAR2(255)
  )
10:09:18.854 [Test worker] DEBUG o.f.c.internal.dbsupport.SqlScript - Found statement at line 11: INSERT INTO EVENTS (CLIENT, ENVIRONMENT, DATUM, TYPE, BESCHREIBUNG) 
  values ('Coop', 'pjazz', parsedatetime('31.01.2015','DD.MM.YYYY'), 'ignore_days', '100% CPU')
10:09:18.854 [Test worker] DEBUG o.f.c.internal.dbsupport.SqlScript - Found statement at line 13: INSERT INTO EVENTS (CLIENT, ENVIRONMENT, DATUM, TYPE, BESCHREIBUNG) 
  values ('Coop', 'pjazz', parsedatetime('05.01.2015','DD.MM.YYYY'), 'ignore_days', '100% CPU')
10:09:18.854 [Test worker] DEBUG o.f.c.internal.dbsupport.SqlScript - Found statement at line 15: INSERT INTO EVENTS (CLIENT, ENVIRONMENT, DATUM, TYPE, BESCHREIBUNG) 
  values ('Coop', 'pjazz', parsedatetime('16.02.2015','DD.MM.YYYY'), 'ignore_days', '100% CPU')
10:09:18.854 [Test worker] DEBUG o.f.c.internal.dbsupport.SqlScript - Executing SQL: CREATE TABLE EVENTS 
  (
    ID              BIGINT PRIMARY KEY AUTO_INCREMENT,
    CLIENT          VARCHAR2(255) NOT NULL,
    ENVIRONMENT     VARCHAR2(255) NOT NULL,
    DATUM           DATE, 
    "TYPE"          VARCHAR2(255), 
    BESCHREIBUNG    VARCHAR2(255)
  )
10:09:18.854 [Test worker] DEBUG o.f.c.internal.dbsupport.SqlScript - Executing SQL: INSERT INTO EVENTS (CLIENT, ENVIRONMENT, DATUM, TYPE, BESCHREIBUNG) 
  values ('Coop', 'pjazz', parsedatetime('31.01.2015','DD.MM.YYYY'), 'ignore_days', '100% CPU')
10:09:18.854 [Test worker] DEBUG o.f.c.internal.dbsupport.SqlScript - Executing SQL: INSERT INTO EVENTS (CLIENT, ENVIRONMENT, DATUM, TYPE, BESCHREIBUNG) 
  values ('Coop', 'pjazz', parsedatetime('05.01.2015','DD.MM.YYYY'), 'ignore_days', '100% CPU')
10:09:18.855 [Test worker] DEBUG o.f.c.internal.dbsupport.SqlScript - Executing SQL: INSERT INTO EVENTS (CLIENT, ENVIRONMENT, DATUM, TYPE, BESCHREIBUNG) 
  values ('Coop', 'pjazz', parsedatetime('16.02.2015','DD.MM.YYYY'), 'ignore_days', '100% CPU')
10:09:18.855 [Test worker] DEBUG o.f.core.internal.command.DbMigrate - Successfully completed and committed migration of schema "PUBLIC" to version 5
10:09:18.855 [Test worker] DEBUG o.f.c.i.m.MetaDataTableImpl - MetaData table "PUBLIC"."schema_version" successfully updated to reflect changes
10:09:18.856 [Test worker] DEBUG o.f.core.internal.dbsupport.Table - Locking table "PUBLIC"."schema_version"...
10:09:18.856 [Test worker] DEBUG o.f.core.internal.dbsupport.Table - Lock acquired for table "PUBLIC"."schema_version"
10:09:18.857 [Test worker] INFO  o.f.core.internal.command.DbMigrate - Successfully applied 5 migrations to schema "PUBLIC" (execution time 00:00.020s).
10:09:18.858 [Test worker] DEBUG c.m.query.sql.dml.SQLInsertClause - insert into MEMORY_USAGE (CLIENT, SYS_DATETIME, ENVIRONMENT, HASH, FREE_HEAP) values (?, ?, ?, ?, ?)
10:09:18.863 [Test worker] DEBUG c.mysema.query.sql.AbstractSQLQuery - select MEMORY_USAGE.ID, MEMORY_USAGE.SYS_DATETIME, MEMORY_USAGE.TOTAL_HEAP, MEMORY_USAGE.FREE_HEAP from MEMORY_USAGE MEMORY_USAGE where MEMORY_USAGE.ID in (select MEMORY_USAGE.ID from MEMORY_USAGE MEMORY_USAGE where MEMORY_USAGE.ID between ? and ?) and MEMORY_USAGE.CLIENT = ? and MEMORY_USAGE.ENVIRONMENT = ? order by MEMORY_USAGE.ID asc
]]></system-out>
  <system-err><![CDATA[]]></system-err>
</testsuite>
